This is pdfTeX, Version 3.14159265-2.6-1.40.20 (TeX Live 2019/Debian) (preloaded format=pdflatex 2024.3.25)  3 MAR 2025 11:56
entering extended mode
 \write18 enabled.
 %&-line parsing enabled.
**upm-example.tex
(./upm-example.tex
LaTeX2e <2020-02-02> patch level 2
L3 programming layer <2020-02-14>
(/usr/share/texlive/texmf-dist/tex/latex/beamer/beamer.cls
Document Class: beamer 2019/09/29 v3.57 A class for typesetting presentations
(/usr/share/texlive/texmf-dist/tex/latex/beamer/beamerbasemodes.sty
(/usr/share/texlive/texmf-dist/tex/latex/etoolbox/etoolbox.sty
Package: etoolbox 2019/09/21 v2.5h e-TeX tools for LaTeX (JAW)
\etb@tempcnta=\count167
)
\beamer@tempbox=\box45
\beamer@tempcount=\count168
\c@beamerpauses=\count169

(/usr/share/texlive/texmf-dist/tex/latex/beamer/beamerbasedecode.sty
\beamer@slideinframe=\count170
\beamer@minimum=\count171
\beamer@decode@box=\box46
)
\beamer@commentbox=\box47
\beamer@modecount=\count172
)
(/usr/share/texlive/texmf-dist/tex/generic/iftex/ifpdf.sty
Package: ifpdf 2019/10/25 v3.4 ifpdf legacy package. Use iftex instead.

(/usr/share/texlive/texmf-dist/tex/generic/iftex/iftex.sty
Package: iftex 2019/11/07 v1.0c TeX engine tests
))
\headdp=\dimen134
\footheight=\dimen135
\sidebarheight=\dimen136
\beamer@tempdim=\dimen137
\beamer@finalheight=\dimen138
\beamer@animht=\dimen139
\beamer@animdp=\dimen140
\beamer@animwd=\dimen141
\beamer@leftmargin=\dimen142
\beamer@rightmargin=\dimen143
\beamer@leftsidebar=\dimen144
\beamer@rightsidebar=\dimen145
\beamer@boxsize=\dimen146
\beamer@vboxoffset=\dimen147
\beamer@descdefault=\dimen148
\beamer@descriptionwidth=\dimen149
\beamer@lastskip=\skip47
\beamer@areabox=\box48
\beamer@animcurrent=\box49
\beamer@animshowbox=\box50
\beamer@sectionbox=\box51
\beamer@logobox=\box52
\beamer@linebox=\box53
\beamer@sectioncount=\count173
\beamer@subsubsectionmax=\count174
\beamer@subsectionmax=\count175
\beamer@sectionmax=\count176
\beamer@totalheads=\count177
\beamer@headcounter=\count178
\beamer@partstartpage=\count179
\beamer@sectionstartpage=\count180
\beamer@subsectionstartpage=\count181
\beamer@animationtempa=\count182
\beamer@animationtempb=\count183
\beamer@xpos=\count184
\beamer@ypos=\count185
\beamer@ypos@offset=\count186
\beamer@showpartnumber=\count187
\beamer@currentsubsection=\count188
\beamer@coveringdepth=\count189
\beamer@sectionadjust=\count190
\beamer@tocsectionnumber=\count191

(/usr/share/texlive/texmf-dist/tex/latex/beamer/beamerbaseoptions.sty
(/usr/share/texlive/texmf-dist/tex/latex/graphics/keyval.sty
Package: keyval 2014/10/28 v1.15 key=value parser (DPC)
\KV@toks@=\toks14
))
\beamer@paperwidth=\skip48
\beamer@paperheight=\skip49

(/usr/share/texlive/texmf-dist/tex/latex/geometry/geometry.sty
Package: geometry 2020/01/02 v5.9 Page Geometry

(/usr/share/texlive/texmf-dist/tex/generic/iftex/ifvtex.sty
Package: ifvtex 2019/10/25 v1.7 ifvtex legacy package. Use iftex instead.
)
\Gm@cnth=\count192
\Gm@cntv=\count193
\c@Gm@tempcnt=\count194
\Gm@bindingoffset=\dimen150
\Gm@wd@mp=\dimen151
\Gm@odd@mp=\dimen152
\Gm@even@mp=\dimen153
\Gm@layoutwidth=\dimen154
\Gm@layoutheight=\dimen155
\Gm@layouthoffset=\dimen156
\Gm@layoutvoffset=\dimen157
\Gm@dimlist=\toks15
)
(/usr/share/texlive/texmf-dist/tex/latex/base/size11.clo
File: size11.clo 2019/12/20 v1.4l Standard LaTeX file (size option)
)
(/usr/share/texlive/texmf-dist/tex/latex/pgf/basiclayer/pgfcore.sty
(/usr/share/texlive/texmf-dist/tex/latex/graphics/graphicx.sty
Package: graphicx 2019/11/30 v1.2a Enhanced LaTeX Graphics (DPC,SPQR)

(/usr/share/texlive/texmf-dist/tex/latex/graphics/graphics.sty
Package: graphics 2019/11/30 v1.4a Standard LaTeX Graphics (DPC,SPQR)

(/usr/share/texlive/texmf-dist/tex/latex/graphics/trig.sty
Package: trig 2016/01/03 v1.10 sin cos tan (DPC)
)
(/usr/share/texlive/texmf-dist/tex/latex/graphics-cfg/graphics.cfg
File: graphics.cfg 2016/06/04 v1.11 sample graphics configuration
)
Package graphics Info: Driver file: pdftex.def on input line 105.

(/usr/share/texlive/texmf-dist/tex/latex/graphics-def/pdftex.def
File: pdftex.def 2018/01/08 v1.0l Graphics/color driver for pdftex
))
\Gin@req@height=\dimen158
\Gin@req@width=\dimen159
)
(/usr/share/texlive/texmf-dist/tex/latex/pgf/systemlayer/pgfsys.sty
(/usr/share/texlive/texmf-dist/tex/latex/pgf/utilities/pgfrcs.sty
(/usr/share/texlive/texmf-dist/tex/generic/pgf/utilities/pgfutil-common.tex
\pgfutil@everybye=\toks16
\pgfutil@tempdima=\dimen160
\pgfutil@tempdimb=\dimen161

(/usr/share/texlive/texmf-dist/tex/generic/pgf/utilities/pgfutil-common-lists.t
ex)) (/usr/share/texlive/texmf-dist/tex/generic/pgf/utilities/pgfutil-latex.def
\pgfutil@abb=\box54
(/usr/share/texlive/texmf-dist/tex/latex/ms/everyshi.sty
Package: everyshi 2001/05/15 v3.00 EveryShipout Package (MS)
))
(/usr/share/texlive/texmf-dist/tex/generic/pgf/utilities/pgfrcs.code.tex
(/usr/share/texlive/texmf-dist/tex/generic/pgf/pgf.revision.tex)
Package: pgfrcs 2020/01/08 v3.1.5b (3.1.5b)
))
(/usr/share/texlive/texmf-dist/tex/generic/pgf/systemlayer/pgfsys.code.tex
Package: pgfsys 2020/01/08 v3.1.5b (3.1.5b)

(/usr/share/texlive/texmf-dist/tex/generic/pgf/utilities/pgfkeys.code.tex
\pgfkeys@pathtoks=\toks17
\pgfkeys@temptoks=\toks18

(/usr/share/texlive/texmf-dist/tex/generic/pgf/utilities/pgfkeysfiltered.code.t
ex
\pgfkeys@tmptoks=\toks19
))
\pgf@x=\dimen162
\pgf@y=\dimen163
\pgf@xa=\dimen164
\pgf@ya=\dimen165
\pgf@xb=\dimen166
\pgf@yb=\dimen167
\pgf@xc=\dimen168
\pgf@yc=\dimen169
\pgf@xd=\dimen170
\pgf@yd=\dimen171
\w@pgf@writea=\write3
\r@pgf@reada=\read2
\c@pgf@counta=\count195
\c@pgf@countb=\count196
\c@pgf@countc=\count197
\c@pgf@countd=\count198
\t@pgf@toka=\toks20
\t@pgf@tokb=\toks21
\t@pgf@tokc=\toks22
\pgf@sys@id@count=\count199
 (/usr/share/texlive/texmf-dist/tex/generic/pgf/systemlayer/pgf.cfg
File: pgf.cfg 2020/01/08 v3.1.5b (3.1.5b)
)
Driver file for pgf: pgfsys-pdftex.def

(/usr/share/texlive/texmf-dist/tex/generic/pgf/systemlayer/pgfsys-pdftex.def
File: pgfsys-pdftex.def 2020/01/08 v3.1.5b (3.1.5b)

(/usr/share/texlive/texmf-dist/tex/generic/pgf/systemlayer/pgfsys-common-pdf.de
f
File: pgfsys-common-pdf.def 2020/01/08 v3.1.5b (3.1.5b)
)))
(/usr/share/texlive/texmf-dist/tex/generic/pgf/systemlayer/pgfsyssoftpath.code.
tex
File: pgfsyssoftpath.code.tex 2020/01/08 v3.1.5b (3.1.5b)
\pgfsyssoftpath@smallbuffer@items=\count266
\pgfsyssoftpath@bigbuffer@items=\count267
)
(/usr/share/texlive/texmf-dist/tex/generic/pgf/systemlayer/pgfsysprotocol.code.
tex
File: pgfsysprotocol.code.tex 2020/01/08 v3.1.5b (3.1.5b)
)) (/usr/share/texlive/texmf-dist/tex/latex/xcolor/xcolor.sty
Package: xcolor 2016/05/11 v2.12 LaTeX color extensions (UK)

(/usr/share/texlive/texmf-dist/tex/latex/graphics-cfg/color.cfg
File: color.cfg 2016/01/02 v1.6 sample color configuration
)
Package xcolor Info: Driver file: pdftex.def on input line 225.

(/usr/share/texlive/texmf-dist/tex/latex/colortbl/colortbl.sty
Package: colortbl 2020/01/04 v1.0e Color table columns (DPC)

(/usr/share/texlive/texmf-dist/tex/latex/tools/array.sty
Package: array 2019/08/31 v2.4l Tabular extension package (FMi)
\col@sep=\dimen172
\ar@mcellbox=\box55
\extrarowheight=\dimen173
\NC@list=\toks23
\extratabsurround=\skip50
\backup@length=\skip51
\ar@cellbox=\box56
)
\everycr=\toks24
\minrowclearance=\skip52
)
\rownum=\count268
Package xcolor Info: Model `cmy' substituted by `cmy0' on input line 1348.
Package xcolor Info: Model `hsb' substituted by `rgb' on input line 1352.
Package xcolor Info: Model `RGB' extended on input line 1364.
Package xcolor Info: Model `HTML' substituted by `rgb' on input line 1366.
Package xcolor Info: Model `Hsb' substituted by `hsb' on input line 1367.
Package xcolor Info: Model `tHsb' substituted by `hsb' on input line 1368.
Package xcolor Info: Model `HSB' substituted by `hsb' on input line 1369.
Package xcolor Info: Model `Gray' substituted by `gray' on input line 1370.
Package xcolor Info: Model `wave' substituted by `hsb' on input line 1371.

(/usr/share/texlive/texmf-dist/tex/latex/xcolor/x11nam.def
File: x11nam.def 2016/05/11 v2.12 Predefined colors according to Unix/X11 (UK)
))
(/usr/share/texlive/texmf-dist/tex/generic/pgf/basiclayer/pgfcore.code.tex
Package: pgfcore 2020/01/08 v3.1.5b (3.1.5b)

(/usr/share/texlive/texmf-dist/tex/generic/pgf/math/pgfmath.code.tex
(/usr/share/texlive/texmf-dist/tex/generic/pgf/math/pgfmathcalc.code.tex
(/usr/share/texlive/texmf-dist/tex/generic/pgf/math/pgfmathutil.code.tex)
(/usr/share/texlive/texmf-dist/tex/generic/pgf/math/pgfmathparser.code.tex
\pgfmath@dimen=\dimen174
\pgfmath@count=\count269
\pgfmath@box=\box57
\pgfmath@toks=\toks25
\pgfmath@stack@operand=\toks26
\pgfmath@stack@operation=\toks27
)
(/usr/share/texlive/texmf-dist/tex/generic/pgf/math/pgfmathfunctions.code.tex
(/usr/share/texlive/texmf-dist/tex/generic/pgf/math/pgfmathfunctions.basic.code
.tex)
(/usr/share/texlive/texmf-dist/tex/generic/pgf/math/pgfmathfunctions.trigonomet
ric.code.tex)
(/usr/share/texlive/texmf-dist/tex/generic/pgf/math/pgfmathfunctions.random.cod
e.tex)
(/usr/share/texlive/texmf-dist/tex/generic/pgf/math/pgfmathfunctions.comparison
.code.tex)
(/usr/share/texlive/texmf-dist/tex/generic/pgf/math/pgfmathfunctions.base.code.
tex)
(/usr/share/texlive/texmf-dist/tex/generic/pgf/math/pgfmathfunctions.round.code
.tex)
(/usr/share/texlive/texmf-dist/tex/generic/pgf/math/pgfmathfunctions.misc.code.
tex)
(/usr/share/texlive/texmf-dist/tex/generic/pgf/math/pgfmathfunctions.integerari
thmetics.code.tex)))
(/usr/share/texlive/texmf-dist/tex/generic/pgf/math/pgfmathfloat.code.tex
\c@pgfmathroundto@lastzeros=\count270
))
(/usr/share/texlive/texmf-dist/tex/generic/pgf/math/pgfint.code.tex)
(/usr/share/texlive/texmf-dist/tex/generic/pgf/basiclayer/pgfcorepoints.code.te
x
File: pgfcorepoints.code.tex 2020/01/08 v3.1.5b (3.1.5b)
\pgf@picminx=\dimen175
\pgf@picmaxx=\dimen176
\pgf@picminy=\dimen177
\pgf@picmaxy=\dimen178
\pgf@pathminx=\dimen179
\pgf@pathmaxx=\dimen180
\pgf@pathminy=\dimen181
\pgf@pathmaxy=\dimen182
\pgf@xx=\dimen183
\pgf@xy=\dimen184
\pgf@yx=\dimen185
\pgf@yy=\dimen186
\pgf@zx=\dimen187
\pgf@zy=\dimen188
)
(/usr/share/texlive/texmf-dist/tex/generic/pgf/basiclayer/pgfcorepathconstruct.
code.tex
File: pgfcorepathconstruct.code.tex 2020/01/08 v3.1.5b (3.1.5b)
\pgf@path@lastx=\dimen189
\pgf@path@lasty=\dimen190
)
(/usr/share/texlive/texmf-dist/tex/generic/pgf/basiclayer/pgfcorepathusage.code
.tex
File: pgfcorepathusage.code.tex 2020/01/08 v3.1.5b (3.1.5b)
\pgf@shorten@end@additional=\dimen191
\pgf@shorten@start@additional=\dimen192
)
(/usr/share/texlive/texmf-dist/tex/generic/pgf/basiclayer/pgfcorescopes.code.te
x
File: pgfcorescopes.code.tex 2020/01/08 v3.1.5b (3.1.5b)
\pgfpic=\box58
\pgf@hbox=\box59
\pgf@layerbox@main=\box60
\pgf@picture@serial@count=\count271
)
(/usr/share/texlive/texmf-dist/tex/generic/pgf/basiclayer/pgfcoregraphicstate.c
ode.tex
File: pgfcoregraphicstate.code.tex 2020/01/08 v3.1.5b (3.1.5b)
\pgflinewidth=\dimen193
)
(/usr/share/texlive/texmf-dist/tex/generic/pgf/basiclayer/pgfcoretransformation
s.code.tex
File: pgfcoretransformations.code.tex 2020/01/08 v3.1.5b (3.1.5b)
\pgf@pt@x=\dimen194
\pgf@pt@y=\dimen195
\pgf@pt@temp=\dimen196
)
(/usr/share/texlive/texmf-dist/tex/generic/pgf/basiclayer/pgfcorequick.code.tex
File: pgfcorequick.code.tex 2020/01/08 v3.1.5b (3.1.5b)
)
(/usr/share/texlive/texmf-dist/tex/generic/pgf/basiclayer/pgfcoreobjects.code.t
ex
File: pgfcoreobjects.code.tex 2020/01/08 v3.1.5b (3.1.5b)
)
(/usr/share/texlive/texmf-dist/tex/generic/pgf/basiclayer/pgfcorepathprocessing
.code.tex
File: pgfcorepathprocessing.code.tex 2020/01/08 v3.1.5b (3.1.5b)
)
(/usr/share/texlive/texmf-dist/tex/generic/pgf/basiclayer/pgfcorearrows.code.te
x
File: pgfcorearrows.code.tex 2020/01/08 v3.1.5b (3.1.5b)
\pgfarrowsep=\dimen197
)
(/usr/share/texlive/texmf-dist/tex/generic/pgf/basiclayer/pgfcoreshade.code.tex
File: pgfcoreshade.code.tex 2020/01/08 v3.1.5b (3.1.5b)
\pgf@max=\dimen198
\pgf@sys@shading@range@num=\count272
\pgf@shadingcount=\count273
)
(/usr/share/texlive/texmf-dist/tex/generic/pgf/basiclayer/pgfcoreimage.code.tex
File: pgfcoreimage.code.tex 2020/01/08 v3.1.5b (3.1.5b)

(/usr/share/texlive/texmf-dist/tex/generic/pgf/basiclayer/pgfcoreexternal.code.
tex
File: pgfcoreexternal.code.tex 2020/01/08 v3.1.5b (3.1.5b)
\pgfexternal@startupbox=\box61
))
(/usr/share/texlive/texmf-dist/tex/generic/pgf/basiclayer/pgfcorelayers.code.te
x
File: pgfcorelayers.code.tex 2020/01/08 v3.1.5b (3.1.5b)
)
(/usr/share/texlive/texmf-dist/tex/generic/pgf/basiclayer/pgfcoretransparency.c
ode.tex
File: pgfcoretransparency.code.tex 2020/01/08 v3.1.5b (3.1.5b)
)
(/usr/share/texlive/texmf-dist/tex/generic/pgf/basiclayer/pgfcorepatterns.code.
tex
File: pgfcorepatterns.code.tex 2020/01/08 v3.1.5b (3.1.5b)
)
(/usr/share/texlive/texmf-dist/tex/generic/pgf/basiclayer/pgfcorerdf.code.tex
File: pgfcorerdf.code.tex 2020/01/08 v3.1.5b (3.1.5b)
))) (/usr/share/texlive/texmf-dist/tex/latex/pgf/utilities/xxcolor.sty
Package: xxcolor 2003/10/24 ver 0.1
\XC@nummixins=\count274
\XC@countmixins=\count275
)
(/usr/share/texlive/texmf-dist/tex/generic/atbegshi/atbegshi.sty
Package: atbegshi 2019/12/05 v1.19 At begin shipout hook (HO)

(/usr/share/texlive/texmf-dist/tex/generic/infwarerr/infwarerr.sty
Package: infwarerr 2019/12/03 v1.5 Providing info/warning/error messages (HO)
)
(/usr/share/texlive/texmf-dist/tex/generic/ltxcmds/ltxcmds.sty
Package: ltxcmds 2019/12/15 v1.24 LaTeX kernel commands for general use (HO)
))
(/usr/share/texlive/texmf-dist/tex/latex/hyperref/hyperref.sty
Package: hyperref 2020/01/14 v7.00d Hypertext links for LaTeX

(/usr/share/texlive/texmf-dist/tex/latex/pdftexcmds/pdftexcmds.sty
Package: pdftexcmds 2019/11/24 v0.31 Utility functions of pdfTeX for LuaTeX (HO
)
Package pdftexcmds Info: \pdf@primitive is available.
Package pdftexcmds Info: \pdf@ifprimitive is available.
Package pdftexcmds Info: \pdfdraftmode found.
)
(/usr/share/texlive/texmf-dist/tex/generic/kvsetkeys/kvsetkeys.sty
Package: kvsetkeys 2019/12/15 v1.18 Key value parser (HO)
)
(/usr/share/texlive/texmf-dist/tex/generic/kvdefinekeys/kvdefinekeys.sty
Package: kvdefinekeys 2019-12-19 v1.6 Define keys (HO)
)
(/usr/share/texlive/texmf-dist/tex/generic/pdfescape/pdfescape.sty
Package: pdfescape 2019/12/09 v1.15 Implements pdfTeX's escape features (HO)
)
(/usr/share/texlive/texmf-dist/tex/latex/hycolor/hycolor.sty
Package: hycolor 2020-01-27 v1.10 Color options for hyperref/bookmark (HO)
)
(/usr/share/texlive/texmf-dist/tex/latex/letltxmacro/letltxmacro.sty
Package: letltxmacro 2019/12/03 v1.6 Let assignment for LaTeX macros (HO)
)
(/usr/share/texlive/texmf-dist/tex/latex/auxhook/auxhook.sty
Package: auxhook 2019-12-17 v1.6 Hooks for auxiliary files (HO)
)
(/usr/share/texlive/texmf-dist/tex/latex/kvoptions/kvoptions.sty
Package: kvoptions 2019/11/29 v3.13 Key value format for package options (HO)
)
\@linkdim=\dimen199
\Hy@linkcounter=\count276
\Hy@pagecounter=\count277

(/usr/share/texlive/texmf-dist/tex/latex/hyperref/pd1enc.def
File: pd1enc.def 2020/01/14 v7.00d Hyperref: PDFDocEncoding definition (HO)
Now handling font encoding PD1 ...
... no UTF-8 mapping file for font encoding PD1
)
(/usr/share/texlive/texmf-dist/tex/generic/intcalc/intcalc.sty
Package: intcalc 2019/12/15 v1.3 Expandable calculations with integers (HO)
)
(/usr/share/texlive/texmf-dist/tex/generic/etexcmds/etexcmds.sty
Package: etexcmds 2019/12/15 v1.7 Avoid name clashes with e-TeX commands (HO)
)
\Hy@SavedSpaceFactor=\count278
\pdfmajorversion=\count279
Package hyperref Info: Option `bookmarks' set `true' on input line 4421.
Package hyperref Info: Option `bookmarksopen' set `true' on input line 4421.
Package hyperref Info: Option `implicit' set `false' on input line 4421.
Package hyperref Info: Hyper figures OFF on input line 4547.
Package hyperref Info: Link nesting OFF on input line 4552.
Package hyperref Info: Hyper index ON on input line 4555.
Package hyperref Info: Plain pages OFF on input line 4562.
Package hyperref Info: Backreferencing OFF on input line 4567.
Package hyperref Info: Implicit mode OFF; no redefinition of LaTeX internals.
Package hyperref Info: Bookmarks ON on input line 4800.
\c@Hy@tempcnt=\count280

(/usr/share/texlive/texmf-dist/tex/latex/url/url.sty
\Urlmuskip=\muskip16
Package: url 2013/09/16  ver 3.4  Verb mode for urls, etc.
)
LaTeX Info: Redefining \url on input line 5159.
\XeTeXLinkMargin=\dimen256

(/usr/share/texlive/texmf-dist/tex/generic/bitset/bitset.sty
Package: bitset 2019/12/09 v1.3 Handle bit-vector datatype (HO)

(/usr/share/texlive/texmf-dist/tex/generic/bigintcalc/bigintcalc.sty
Package: bigintcalc 2019/12/15 v1.5 Expandable calculations on big integers (HO
)
))
\Fld@menulength=\count281
\Field@Width=\dimen257
\Fld@charsize=\dimen258
Package hyperref Info: Hyper figures OFF on input line 6430.
Package hyperref Info: Link nesting OFF on input line 6435.
Package hyperref Info: Hyper index ON on input line 6438.
Package hyperref Info: backreferencing OFF on input line 6445.
Package hyperref Info: Link coloring OFF on input line 6450.
Package hyperref Info: Link coloring with OCG OFF on input line 6455.
Package hyperref Info: PDF/A mode OFF on input line 6460.
LaTeX Info: Redefining \ref on input line 6500.
LaTeX Info: Redefining \pageref on input line 6504.
\Hy@abspage=\count282


Package hyperref Message: Stopped early.

)
Package hyperref Info: Driver (autodetected): hpdftex.
 (/usr/share/texlive/texmf-dist/tex/latex/hyperref/hpdftex.def
File: hpdftex.def 2020/01/14 v7.00d Hyperref driver for pdfTeX

(/usr/share/texlive/texmf-dist/tex/latex/atveryend/atveryend.sty
Package: atveryend 2019-12-11 v1.11 Hooks at the very end of document (HO)
)
\Fld@listcount=\count283
\c@bookmark@seq@number=\count284

(/usr/share/texlive/texmf-dist/tex/latex/rerunfilecheck/rerunfilecheck.sty
Package: rerunfilecheck 2019/12/05 v1.9 Rerun checks for auxiliary files (HO)

(/usr/share/texlive/texmf-dist/tex/generic/uniquecounter/uniquecounter.sty
Package: uniquecounter 2019/12/15 v1.4 Provide unlimited unique counter (HO)
)
Package uniquecounter Info: New unique counter `rerunfilecheck' on input line 2
86.
))
(/usr/share/texlive/texmf-dist/tex/latex/beamer/beamerbaserequires.sty
(/usr/share/texlive/texmf-dist/tex/latex/beamer/beamerbasecompatibility.sty)
(/usr/share/texlive/texmf-dist/tex/latex/beamer/beamerbasefont.sty
(/usr/share/texlive/texmf-dist/tex/latex/amsfonts/amssymb.sty
Package: amssymb 2013/01/14 v3.01 AMS font symbols

(/usr/share/texlive/texmf-dist/tex/latex/amsfonts/amsfonts.sty
Package: amsfonts 2013/01/14 v3.01 Basic AMSFonts support
\@emptytoks=\toks28
\symAMSa=\mathgroup4
\symAMSb=\mathgroup5
LaTeX Font Info:    Redeclaring math symbol \hbar on input line 98.
LaTeX Font Info:    Overwriting math alphabet `\mathfrak' in version `bold'
(Font)                  U/euf/m/n --> U/euf/b/n on input line 106.
))
(/usr/share/texlive/texmf-dist/tex/latex/sansmathaccent/sansmathaccent.sty
Package: sansmathaccent 2020/01/31

(/usr/share/texlive/texmf-dist/tex/latex/koma-script/scrlfile.sty
Package: scrlfile 2020/01/24 v3.29 KOMA-Script package (loading files)
)))
(/usr/share/texlive/texmf-dist/tex/latex/beamer/beamerbasetranslator.sty
(/usr/share/texlive/texmf-dist/tex/latex/translator/translator.sty
Package: translator 2019-05-31 v1.12a Easy translation of strings in LaTeX
))
(/usr/share/texlive/texmf-dist/tex/latex/beamer/beamerbasemisc.sty)
(/usr/share/texlive/texmf-dist/tex/latex/beamer/beamerbasetwoscreens.sty)
(/usr/share/texlive/texmf-dist/tex/latex/beamer/beamerbaseoverlay.sty
\beamer@argscount=\count285
\beamer@lastskipcover=\skip53
\beamer@trivlistdepth=\count286
)
(/usr/share/texlive/texmf-dist/tex/latex/beamer/beamerbasetitle.sty)
(/usr/share/texlive/texmf-dist/tex/latex/beamer/beamerbasesection.sty
\c@lecture=\count287
\c@part=\count288
\c@section=\count289
\c@subsection=\count290
\c@subsubsection=\count291
)
(/usr/share/texlive/texmf-dist/tex/latex/beamer/beamerbaseframe.sty
\beamer@framebox=\box62
\beamer@frametitlebox=\box63
\beamer@zoombox=\box64
\beamer@zoomcount=\count292
\beamer@zoomframecount=\count293
\beamer@frametextheight=\dimen259
\c@subsectionslide=\count294
\beamer@frametopskip=\skip54
\beamer@framebottomskip=\skip55
\beamer@frametopskipautobreak=\skip56
\beamer@framebottomskipautobreak=\skip57
\beamer@envbody=\toks29
\framewidth=\dimen260
\c@framenumber=\count295
)
(/usr/share/texlive/texmf-dist/tex/latex/beamer/beamerbaseverbatim.sty
\beamer@verbatimfileout=\write4
)
(/usr/share/texlive/texmf-dist/tex/latex/beamer/beamerbaseframesize.sty
\beamer@splitbox=\box65
\beamer@autobreakcount=\count296
\beamer@autobreaklastheight=\dimen261
\beamer@frametitletoks=\toks30
\beamer@framesubtitletoks=\toks31
)
(/usr/share/texlive/texmf-dist/tex/latex/beamer/beamerbaseframecomponents.sty
\beamer@footins=\box66
)
(/usr/share/texlive/texmf-dist/tex/latex/beamer/beamerbasecolor.sty)
(/usr/share/texlive/texmf-dist/tex/latex/beamer/beamerbasenotes.sty
\beamer@frameboxcopy=\box67
)
(/usr/share/texlive/texmf-dist/tex/latex/beamer/beamerbasetoc.sty)
(/usr/share/texlive/texmf-dist/tex/latex/beamer/beamerbasetemplates.sty
\beamer@sbttoks=\toks32

(/usr/share/texlive/texmf-dist/tex/latex/beamer/beamerbaseauxtemplates.sty
(/usr/share/texlive/texmf-dist/tex/latex/beamer/beamerbaseboxes.sty
\bmb@box=\box68
\bmb@colorbox=\box69
\bmb@boxshadow=\box70
\bmb@boxshadowball=\box71
\bmb@boxshadowballlarge=\box72
\bmb@temp=\dimen262
\bmb@dima=\dimen263
\bmb@dimb=\dimen264
\bmb@prevheight=\dimen265
)
\beamer@blockheadheight=\dimen266
))
(/usr/share/texlive/texmf-dist/tex/latex/beamer/beamerbaselocalstructure.sty
(/usr/share/texlive/texmf-dist/tex/latex/tools/enumerate.sty
Package: enumerate 2015/07/23 v3.00 enumerate extensions (DPC)
\@enLab=\toks33
)
\c@figure=\count297
\c@table=\count298
\abovecaptionskip=\skip58
\belowcaptionskip=\skip59
)
(/usr/share/texlive/texmf-dist/tex/latex/beamer/beamerbasenavigation.sty
\beamer@section@min@dim=\dimen267
)
(/usr/share/texlive/texmf-dist/tex/latex/beamer/beamerbasetheorems.sty
(/usr/share/texlive/texmf-dist/tex/latex/amsmath/amsmath.sty
Package: amsmath 2020/01/20 v2.17e AMS math features
\@mathmargin=\skip60

For additional information on amsmath, use the `?' option.
(/usr/share/texlive/texmf-dist/tex/latex/amsmath/amstext.sty
Package: amstext 2000/06/29 v2.01 AMS text

(/usr/share/texlive/texmf-dist/tex/latex/amsmath/amsgen.sty
File: amsgen.sty 1999/11/30 v2.0 generic functions
\@emptytoks=\toks34
\ex@=\dimen268
))
(/usr/share/texlive/texmf-dist/tex/latex/amsmath/amsbsy.sty
Package: amsbsy 1999/11/29 v1.2d Bold Symbols
\pmbraise@=\dimen269
)
(/usr/share/texlive/texmf-dist/tex/latex/amsmath/amsopn.sty
Package: amsopn 2016/03/08 v2.02 operator names
)
\inf@bad=\count299
LaTeX Info: Redefining \frac on input line 227.
\uproot@=\count300
\leftroot@=\count301
LaTeX Info: Redefining \overline on input line 389.
\classnum@=\count302
\DOTSCASE@=\count303
LaTeX Info: Redefining \ldots on input line 486.
LaTeX Info: Redefining \dots on input line 489.
LaTeX Info: Redefining \cdots on input line 610.
\Mathstrutbox@=\box73
\strutbox@=\box74
\big@size=\dimen270
LaTeX Font Info:    Redeclaring font encoding OML on input line 733.
LaTeX Font Info:    Redeclaring font encoding OMS on input line 734.
\macc@depth=\count304
\c@MaxMatrixCols=\count305
\dotsspace@=\muskip17
\c@parentequation=\count306
\dspbrk@lvl=\count307
\tag@help=\toks35
\row@=\count308
\column@=\count309
\maxfields@=\count310
\andhelp@=\toks36
\eqnshift@=\dimen271
\alignsep@=\dimen272
\tagshift@=\dimen273
\tagwidth@=\dimen274
\totwidth@=\dimen275
\lineht@=\dimen276
\@envbody=\toks37
\multlinegap=\skip61
\multlinetaggap=\skip62
\mathdisplay@stack=\toks38
LaTeX Info: Redefining \[ on input line 2859.
LaTeX Info: Redefining \] on input line 2860.
)
(/usr/share/texlive/texmf-dist/tex/latex/amscls/amsthm.sty
Package: amsthm 2017/10/31 v2.20.4
\thm@style=\toks39
\thm@bodyfont=\toks40
\thm@headfont=\toks41
\thm@notefont=\toks42
\thm@headpunct=\toks43
\thm@preskip=\skip63
\thm@postskip=\skip64
\thm@headsep=\skip65
\dth@everypar=\toks44
)
\c@theorem=\count311
)
(/usr/share/texlive/texmf-dist/tex/latex/beamer/beamerbasethemes.sty))
(/usr/share/texlive/texmf-dist/tex/latex/beamer/beamerthemedefault.sty
(/usr/share/texlive/texmf-dist/tex/latex/beamer/beamerfontthemedefault.sty)
(/usr/share/texlive/texmf-dist/tex/latex/beamer/beamercolorthemedefault.sty)
(/usr/share/texlive/texmf-dist/tex/latex/beamer/beamerinnerthemedefault.sty
\beamer@dima=\dimen277
\beamer@dimb=\dimen278
)
(/usr/share/texlive/texmf-dist/tex/latex/beamer/beamerouterthemedefault.sty)))
(/usr/share/texlive/texmf-dist/tex/latex/base/inputenc.sty
Package: inputenc 2018/08/11 v1.3c Input encoding file
\inpenc@prehook=\toks45
\inpenc@posthook=\toks46
)
(/usr/share/texlive/texmf-dist/tex/latex/base/fontenc.sty
Package: fontenc 2020/02/11 v2.0o Standard LaTeX package
)
(/usr/share/texlive/texmf-dist/tex/latex/booktabs/booktabs.sty
Package: booktabs 2020/01/12 v1.61803398 Publication quality tables
\heavyrulewidth=\dimen279
\lightrulewidth=\dimen280
\cmidrulewidth=\dimen281
\belowrulesep=\dimen282
\belowbottomsep=\dimen283
\aboverulesep=\dimen284
\abovetopsep=\dimen285
\cmidrulesep=\dimen286
\cmidrulekern=\dimen287
\defaultaddspace=\dimen288
\@cmidla=\count312
\@cmidlb=\count313
\@aboverulesep=\dimen289
\@belowrulesep=\dimen290
\@thisruleclass=\count314
\@lastruleclass=\count315
\@thisrulewidth=\dimen291
)
(/usr/share/texlive/texmf-dist/tex/latex/makecell/makecell.sty
Package: makecell 2009/08/03 V0.1e Managing of Tab Column Heads and Cells
\rotheadsize=\dimen292
\c@nlinenum=\count316
\TeXr@lab=\toks47
)
(/usr/share/texlive/texmf-dist/tex/latex/adjustbox/adjustbox.sty
Package: adjustbox 2019/01/04 v1.2 Adjusting TeX boxes (trim, clip, ...)

(/usr/share/texlive/texmf-dist/tex/latex/xkeyval/xkeyval.sty
Package: xkeyval 2014/12/03 v2.7a package option processing (HA)

(/usr/share/texlive/texmf-dist/tex/generic/xkeyval/xkeyval.tex
(/usr/share/texlive/texmf-dist/tex/generic/xkeyval/xkvutils.tex
\XKV@toks=\toks48
\XKV@tempa@toks=\toks49
)
\XKV@depth=\count317
File: xkeyval.tex 2014/12/03 v2.7a key=value parser (HA)
))
(/usr/share/texlive/texmf-dist/tex/latex/adjustbox/adjcalc.sty
Package: adjcalc 2012/05/16 v1.1 Provides advanced setlength with multiple back
-ends (calc, etex, pgfmath)
)
(/usr/share/texlive/texmf-dist/tex/latex/adjustbox/trimclip.sty
Package: trimclip 2018/04/08 v1.1 Trim and clip general TeX material

(/usr/share/texlive/texmf-dist/tex/latex/collectbox/collectbox.sty
Package: collectbox 2012/05/17 v0.4b Collect macro arguments as boxes
\collectedbox=\box75
)
\tc@llx=\dimen293
\tc@lly=\dimen294
\tc@urx=\dimen295
\tc@ury=\dimen296
Package trimclip Info: Using driver 'tc-pdftex.def'.

(/usr/share/texlive/texmf-dist/tex/latex/adjustbox/tc-pdftex.def
File: tc-pdftex.def 2019/01/04 v2.2 Clipping driver for pdftex
))
\adjbox@Width=\dimen297
\adjbox@Height=\dimen298
\adjbox@Depth=\dimen299
\adjbox@Totalheight=\dimen300
\adjbox@pwidth=\dimen301
\adjbox@pheight=\dimen302
\adjbox@pdepth=\dimen303
\adjbox@ptotalheight=\dimen304

(/usr/share/texlive/texmf-dist/tex/latex/ifoddpage/ifoddpage.sty
Package: ifoddpage 2016/04/23 v1.1 Conditionals for odd/even page detection
\c@checkoddpage=\count318
)
(/usr/share/texlive/texmf-dist/tex/latex/varwidth/varwidth.sty
Package: varwidth 2009/03/30 ver 0.92;  Variable-width minipages
\@vwid@box=\box76
\sift@deathcycles=\count319
\@vwid@loff=\dimen305
\@vwid@roff=\dimen306
))
(/usr/share/texlive/texmf-dist/tex/latex/pgf/frontendlayer/tikz.sty
(/usr/share/texlive/texmf-dist/tex/latex/pgf/basiclayer/pgf.sty
Package: pgf 2020/01/08 v3.1.5b (3.1.5b)

(/usr/share/texlive/texmf-dist/tex/generic/pgf/modules/pgfmoduleshapes.code.tex
File: pgfmoduleshapes.code.tex 2020/01/08 v3.1.5b (3.1.5b)
\pgfnodeparttextbox=\box77
) (/usr/share/texlive/texmf-dist/tex/generic/pgf/modules/pgfmoduleplot.code.tex
File: pgfmoduleplot.code.tex 2020/01/08 v3.1.5b (3.1.5b)
)
(/usr/share/texlive/texmf-dist/tex/latex/pgf/compatibility/pgfcomp-version-0-65
.sty
Package: pgfcomp-version-0-65 2020/01/08 v3.1.5b (3.1.5b)
\pgf@nodesepstart=\dimen307
\pgf@nodesepend=\dimen308
)
(/usr/share/texlive/texmf-dist/tex/latex/pgf/compatibility/pgfcomp-version-1-18
.sty
Package: pgfcomp-version-1-18 2020/01/08 v3.1.5b (3.1.5b)
)) (/usr/share/texlive/texmf-dist/tex/latex/pgf/utilities/pgffor.sty
(/usr/share/texlive/texmf-dist/tex/latex/pgf/utilities/pgfkeys.sty
(/usr/share/texlive/texmf-dist/tex/generic/pgf/utilities/pgfkeys.code.tex))
(/usr/share/texlive/texmf-dist/tex/latex/pgf/math/pgfmath.sty
(/usr/share/texlive/texmf-dist/tex/generic/pgf/math/pgfmath.code.tex))
(/usr/share/texlive/texmf-dist/tex/generic/pgf/utilities/pgffor.code.tex
Package: pgffor 2020/01/08 v3.1.5b (3.1.5b)

(/usr/share/texlive/texmf-dist/tex/generic/pgf/math/pgfmath.code.tex)
\pgffor@iter=\dimen309
\pgffor@skip=\dimen310
\pgffor@stack=\toks50
\pgffor@toks=\toks51
))
(/usr/share/texlive/texmf-dist/tex/generic/pgf/frontendlayer/tikz/tikz.code.tex
Package: tikz 2020/01/08 v3.1.5b (3.1.5b)

(/usr/share/texlive/texmf-dist/tex/generic/pgf/libraries/pgflibraryplothandlers
.code.tex
File: pgflibraryplothandlers.code.tex 2020/01/08 v3.1.5b (3.1.5b)
\pgf@plot@mark@count=\count320
\pgfplotmarksize=\dimen311
)
\tikz@lastx=\dimen312
\tikz@lasty=\dimen313
\tikz@lastxsaved=\dimen314
\tikz@lastysaved=\dimen315
\tikz@lastmovetox=\dimen316
\tikz@lastmovetoy=\dimen317
\tikzleveldistance=\dimen318
\tikzsiblingdistance=\dimen319
\tikz@figbox=\box78
\tikz@figbox@bg=\box79
\tikz@tempbox=\box80
\tikz@tempbox@bg=\box81
\tikztreelevel=\count321
\tikznumberofchildren=\count322
\tikznumberofcurrentchild=\count323
\tikz@fig@count=\count324

(/usr/share/texlive/texmf-dist/tex/generic/pgf/modules/pgfmodulematrix.code.tex
File: pgfmodulematrix.code.tex 2020/01/08 v3.1.5b (3.1.5b)
\pgfmatrixcurrentrow=\count325
\pgfmatrixcurrentcolumn=\count326
\pgf@matrix@numberofcolumns=\count327
)
\tikz@expandcount=\count328

(/usr/share/texlive/texmf-dist/tex/generic/pgf/frontendlayer/tikz/libraries/tik
zlibrarytopaths.code.tex
File: tikzlibrarytopaths.code.tex 2020/01/08 v3.1.5b (3.1.5b)
)))
(/usr/share/texlive/texmf-dist/tex/generic/pgf/frontendlayer/tikz/libraries/tik
zlibrarycalc.code.tex
File: tikzlibrarycalc.code.tex 2020/01/08 v3.1.5b (3.1.5b)
)

Package hyperref Warning: Token not allowed in a PDF string (PDFDocEncoding):
(hyperref)                removing `\\' on input line 13.

(/usr/share/texlive/texmf-dist/tex/generic/babel/babel.sty
Package: babel 2020/02/14 3.40 The Babel package

(/usr/share/texlive/texmf-dist/tex/generic/babel/switch.def
File: switch.def 2020/02/14 3.40 Babel switching mechanism
)
(/usr/share/texlive/texmf-dist/tex/generic/babel-spanish/spanish.ldf
Language: spanish.ldf 2016/03/03 v5.0p Spanish support from the babel system

(/usr/share/texlive/texmf-dist/tex/generic/babel/babel.def
File: babel.def 2020/02/14 3.40 Babel common definitions
\babel@savecnt=\count329
\U@D=\dimen320

(/usr/share/texlive/texmf-dist/tex/generic/babel/txtbabel.def)
\bbl@readstream=\read3
LaTeX Info: Redefining \textlatin on input line 2319.
\bbl@dirlevel=\count330
)
\es@quottoks=\toks52
\es@quotdepth=\count331
Package babel Info: Making " an active character on input line 561.
Package babel Info: Making . an active character on input line 662.
Package babel Info: Making < an active character on input line 707.
Package babel Info: Making > an active character on input line 707.
))
(./beamerthemeupm.sty (./beamerinnerthemeupm.sty) (./beamerouterthemeupm.sty)
(./beamercolorthemeupm.sty))
(/usr/share/texlive/texmf-dist/tex/latex/l3backend/l3backend-pdfmode.def
File: l3backend-pdfmode.def 2020-02-03 L3 backend support: PDF mode
\l__kernel_color_stack_int=\count332
\l__pdf_internal_box=\box82
)
(./upm-example.aux
LaTeX Info: Redefining \. on input line 25.
LaTeX Info: Redefining \% on input line 25.


LaTeX Warning: Label `fig:gib-plan-estudios' multiply defined.


LaTeX Warning: Label `table:evaluacion-competencias-rser' multiply defined.

)
\openout1 = `upm-example.aux'.

LaTeX Font Info:    Checking defaults for OML/cmm/m/it on input line 23.
LaTeX Font Info:    ... okay on input line 23.
LaTeX Font Info:    Checking defaults for OMS/cmsy/m/n on input line 23.
LaTeX Font Info:    ... okay on input line 23.
LaTeX Font Info:    Checking defaults for OT1/cmr/m/n on input line 23.
LaTeX Font Info:    ... okay on input line 23.
LaTeX Font Info:    Checking defaults for T1/cmr/m/n on input line 23.
LaTeX Font Info:    ... okay on input line 23.
LaTeX Font Info:    Checking defaults for TS1/cmr/m/n on input line 23.
LaTeX Font Info:    ... okay on input line 23.
LaTeX Font Info:    Checking defaults for OMX/cmex/m/n on input line 23.
LaTeX Font Info:    ... okay on input line 23.
LaTeX Font Info:    Checking defaults for U/cmr/m/n on input line 23.
LaTeX Font Info:    ... okay on input line 23.
LaTeX Font Info:    Checking defaults for PD1/pdf/m/n on input line 23.
LaTeX Font Info:    ... okay on input line 23.

*geometry* driver: auto-detecting
*geometry* detected driver: pdftex
*geometry* verbose mode - [ preamble ] result:
* driver: pdftex
* paper: custom
* layout: <same size as paper>
* layoutoffset:(h,v)=(0.0pt,0.0pt)
* modes: includehead includefoot 
* h-part:(L,W,R)=(28.45274pt, 307.28987pt, 28.45274pt)
* v-part:(T,H,B)=(0.0pt, 273.14662pt, 0.0pt)
* \paperwidth=364.19536pt
* \paperheight=273.14662pt
* \textwidth=307.28987pt
* \textheight=244.6939pt
* \oddsidemargin=-43.81725pt
* \evensidemargin=-43.81725pt
* \topmargin=-72.26999pt
* \headheight=14.22636pt
* \headsep=0.0pt
* \topskip=11.0pt
* \footskip=14.22636pt
* \marginparwidth=4.0pt
* \marginparsep=10.0pt
* \columnsep=10.0pt
* \skip\footins=10.0pt plus 4.0pt minus 2.0pt
* \hoffset=0.0pt
* \voffset=0.0pt
* \mag=1000
* \@twocolumnfalse
* \@twosidefalse
* \@mparswitchfalse
* \@reversemarginfalse
* (1in=72.27pt=25.4mm, 1cm=28.453pt)

(/usr/share/texlive/texmf-dist/tex/context/base/mkii/supp-pdf.mkii
[Loading MPS to PDF converter (version 2006.09.02).]
\scratchcounter=\count333
\scratchdimen=\dimen321
\scratchbox=\box83
\nofMPsegments=\count334
\nofMParguments=\count335
\everyMPshowfont=\toks53
\MPscratchCnt=\count336
\MPscratchDim=\dimen322
\MPnumerator=\count337
\makeMPintoPDFobject=\count338
\everyMPtoPDFconversion=\toks54
) (/usr/share/texlive/texmf-dist/tex/latex/epstopdf-pkg/epstopdf-base.sty
Package: epstopdf-base 2020-01-24 v2.11 Base part for package epstopdf
Package epstopdf-base Info: Redefining graphics rule for `.eps' on input line 4
85.

(/usr/share/texlive/texmf-dist/tex/latex/latexconfig/epstopdf-sys.cfg
File: epstopdf-sys.cfg 2010/07/13 v1.3 Configuration of (r)epstopdf for TeX Liv
e
))
ABD: EveryShipout initializing macros
\AtBeginShipoutBox=\box84
Package hyperref Info: Link coloring OFF on input line 23.

(/usr/share/texlive/texmf-dist/tex/latex/hyperref/nameref.sty
Package: nameref 2019/09/16 v2.46 Cross-referencing by name of section

(/usr/share/texlive/texmf-dist/tex/latex/refcount/refcount.sty
Package: refcount 2019/12/15 v3.6 Data extraction from label references (HO)
)
(/usr/share/texlive/texmf-dist/tex/generic/gettitlestring/gettitlestring.sty
Package: gettitlestring 2019/12/15 v1.6 Cleanup title references (HO)
)
\c@section@level=\count339
)
LaTeX Info: Redefining \ref on input line 23.
LaTeX Info: Redefining \pageref on input line 23.
LaTeX Info: Redefining \nameref on input line 23.

(./upm-example.out) (./upm-example.out)
\@outlinefile=\write5
\openout5 = `upm-example.out'.

LaTeX Font Info:    Overwriting symbol font `operators' in version `normal'
(Font)                  OT1/cmr/m/n --> OT1/cmss/m/n on input line 23.
LaTeX Font Info:    Overwriting symbol font `operators' in version `bold'
(Font)                  OT1/cmr/bx/n --> OT1/cmss/b/n on input line 23.
\symnumbers=\mathgroup6
\sympureletters=\mathgroup7
LaTeX Font Info:    Overwriting math alphabet `\mathrm' in version `normal'
(Font)                  OT1/cmss/m/n --> T1/cmr/m/n on input line 23.
LaTeX Font Info:    Redeclaring math alphabet \mathbf on input line 23.
LaTeX Font Info:    Overwriting math alphabet `\mathbf' in version `normal'
(Font)                  OT1/cmr/bx/n --> T1/cmss/b/n on input line 23.
LaTeX Font Info:    Overwriting math alphabet `\mathbf' in version `bold'
(Font)                  OT1/cmr/bx/n --> T1/cmss/b/n on input line 23.
LaTeX Font Info:    Redeclaring math alphabet \mathsf on input line 23.
LaTeX Font Info:    Overwriting math alphabet `\mathsf' in version `normal'
(Font)                  OT1/cmss/m/n --> T1/cmss/m/n on input line 23.
LaTeX Font Info:    Overwriting math alphabet `\mathsf' in version `bold'
(Font)                  OT1/cmss/bx/n --> T1/cmss/m/n on input line 23.
LaTeX Font Info:    Redeclaring math alphabet \mathit on input line 23.
LaTeX Font Info:    Overwriting math alphabet `\mathit' in version `normal'
(Font)                  OT1/cmr/m/it --> T1/cmss/m/it on input line 23.
LaTeX Font Info:    Overwriting math alphabet `\mathit' in version `bold'
(Font)                  OT1/cmr/bx/it --> T1/cmss/m/it on input line 23.
LaTeX Font Info:    Redeclaring math alphabet \mathtt on input line 23.
LaTeX Font Info:    Overwriting math alphabet `\mathtt' in version `normal'
(Font)                  OT1/cmtt/m/n --> T1/cmtt/m/n on input line 23.
LaTeX Font Info:    Overwriting math alphabet `\mathtt' in version `bold'
(Font)                  OT1/cmtt/m/n --> T1/cmtt/m/n on input line 23.
LaTeX Font Info:    Overwriting symbol font `numbers' in version `bold'
(Font)                  T1/cmss/m/n --> T1/cmss/b/n on input line 23.
LaTeX Font Info:    Overwriting symbol font `pureletters' in version `bold'
(Font)                  T1/cmss/m/it --> T1/cmss/b/it on input line 23.
LaTeX Font Info:    Overwriting math alphabet `\mathrm' in version `bold'
(Font)                  OT1/cmss/b/n --> T1/cmr/b/n on input line 23.
LaTeX Font Info:    Overwriting math alphabet `\mathbf' in version `bold'
(Font)                  T1/cmss/b/n --> T1/cmss/b/n on input line 23.
LaTeX Font Info:    Overwriting math alphabet `\mathsf' in version `bold'
(Font)                  T1/cmss/m/n --> T1/cmss/b/n on input line 23.
LaTeX Font Info:    Overwriting math alphabet `\mathit' in version `bold'
(Font)                  T1/cmss/m/it --> T1/cmss/b/it on input line 23.
LaTeX Font Info:    Overwriting math alphabet `\mathtt' in version `bold'
(Font)                  T1/cmtt/m/n --> T1/cmtt/b/n on input line 23.
LaTeX Font Info:    Redeclaring symbol font `pureletters' on input line 23.
LaTeX Font Info:    Encoding `T1' has changed to `OT1' for symbol font
(Font)              `pureletters' in the math version `normal' on input line 23
.
LaTeX Font Info:    Overwriting symbol font `pureletters' in version `normal'
(Font)                  T1/cmss/m/it --> OT1/mathkerncmss/m/sl on input line 23
.
LaTeX Font Info:    Encoding `T1' has changed to `OT1' for symbol font
(Font)              `pureletters' in the math version `bold' on input line 23.
LaTeX Font Info:    Overwriting symbol font `pureletters' in version `bold'
(Font)                  T1/cmss/b/it --> OT1/mathkerncmss/m/sl on input line 23
.
LaTeX Font Info:    Overwriting symbol font `pureletters' in version `bold'
(Font)                  OT1/mathkerncmss/m/sl --> OT1/mathkerncmss/bx/sl on inp
ut line 23.

(/usr/share/texlive/texmf-dist/tex/latex/translator/translator-basic-dictionary
-English.dict
Dictionary: translator-basic-dictionary, Language: English 
)
(/usr/share/texlive/texmf-dist/tex/latex/translator/translator-bibliography-dic
tionary-English.dict
Dictionary: translator-bibliography-dictionary, Language: English 
)
(/usr/share/texlive/texmf-dist/tex/latex/translator/translator-environment-dict
ionary-English.dict
Dictionary: translator-environment-dictionary, Language: English 
)
(/usr/share/texlive/texmf-dist/tex/latex/translator/translator-months-dictionar
y-English.dict
Dictionary: translator-months-dictionary, Language: English 
)
(/usr/share/texlive/texmf-dist/tex/latex/translator/translator-numbers-dictiona
ry-English.dict
Dictionary: translator-numbers-dictionary, Language: English 
)
(/usr/share/texlive/texmf-dist/tex/latex/translator/translator-theorem-dictiona
ry-English.dict
Dictionary: translator-theorem-dictionary, Language: English 
)
LaTeX Info: Redefining \. on input line 23.
LaTeX Info: Redefining \% on input line 23.
 (./upm-example.nav)
LaTeX Font Info:    Trying to load font information for U+msa on input line 28.


(/usr/share/texlive/texmf-dist/tex/latex/amsfonts/umsa.fd
File: umsa.fd 2013/01/14 v3.01 AMS symbols A
)
LaTeX Font Info:    Trying to load font information for U+msb on input line 28.


(/usr/share/texlive/texmf-dist/tex/latex/amsfonts/umsb.fd
File: umsb.fd 2013/01/14 v3.01 AMS symbols B
)
LaTeX Font Info:    Trying to load font information for OT1+mathkerncmss on inp
ut line 28.

(/usr/share/texlive/texmf-dist/tex/latex/sansmathaccent/ot1mathkerncmss.fd
File: ot1mathkerncmss.fd 2020/01/31 Fontinst v1.933 font definitions for OT1/ma
thkerncmss.
)
<logo-upm-transparent.pdf, id=57, 398.33817pt x 184.94295pt>
File: logo-upm-transparent.pdf Graphic file (type pdf)
<use logo-upm-transparent.pdf>
Package pdftex.def Info: logo-upm-transparent.pdf  used on input line 28.
(pdftex.def)             Requested size: 235.32745pt x 109.25697pt.

[1

{/var/lib/texmf/fonts/map/pdftex/updmap/pdftex.map} <./logo-upm-transparent.pdf
>] (./upm-example.toc
LaTeX Info: Redefining \. on input line 1.
LaTeX Info: Redefining \% on input line 1.
)
<upm-transparent.pdf, id=84, 458.60292pt x 156.31886pt>
File: upm-transparent.pdf Graphic file (type pdf)
<use upm-transparent.pdf>
Package pdftex.def Info: upm-transparent.pdf  used on input line 35.
(pdftex.def)             Requested size: 56.09361pt x 19.12225pt.
Missing character: There is no ; in font nullfont!
File: logo-upm-transparent.pdf Graphic file (type pdf)
<use logo-upm-transparent.pdf>
Package pdftex.def Info: logo-upm-transparent.pdf  used on input line 35.
(pdftex.def)             Requested size: 235.32745pt x 109.25697pt.
 [2

 <./upm-transparent.pdf>] (./upm-example.toc
LaTeX Info: Redefining \. on input line 1.
LaTeX Info: Redefining \% on input line 1.
)
File: upm-transparent.pdf Graphic file (type pdf)
<use upm-transparent.pdf>
Package pdftex.def Info: upm-transparent.pdf  used on input line 42.
(pdftex.def)             Requested size: 56.09361pt x 19.12225pt.
Missing character: There is no ; in font nullfont!
File: logo-upm-transparent.pdf Graphic file (type pdf)
<use logo-upm-transparent.pdf>
Package pdftex.def Info: logo-upm-transparent.pdf  used on input line 42.
(pdftex.def)             Requested size: 235.32745pt x 109.25697pt.

[3

]
File: upm-transparent.pdf Graphic file (type pdf)
<use upm-transparent.pdf>
Package pdftex.def Info: upm-transparent.pdf  used on input line 67.
(pdftex.def)             Requested size: 56.09361pt x 19.12225pt.
Missing character: There is no ; in font nullfont!
File: logo-upm-transparent.pdf Graphic file (type pdf)
<use logo-upm-transparent.pdf>
Package pdftex.def Info: logo-upm-transparent.pdf  used on input line 67.
(pdftex.def)             Requested size: 235.32745pt x 109.25697pt.
 [4

]
File: upm-transparent.pdf Graphic file (type pdf)
<use upm-transparent.pdf>
Package pdftex.def Info: upm-transparent.pdf  used on input line 79.
(pdftex.def)             Requested size: 56.09361pt x 19.12225pt.
Missing character: There is no ; in font nullfont!
File: logo-upm-transparent.pdf Graphic file (type pdf)
<use logo-upm-transparent.pdf>
Package pdftex.def Info: logo-upm-transparent.pdf  used on input line 79.
(pdftex.def)             Requested size: 235.32745pt x 109.25697pt.
 [5

]
File: upm-transparent.pdf Graphic file (type pdf)
<use upm-transparent.pdf>
Package pdftex.def Info: upm-transparent.pdf  used on input line 107.
(pdftex.def)             Requested size: 56.09361pt x 19.12225pt.
Missing character: There is no ; in font nullfont!
File: logo-upm-transparent.pdf Graphic file (type pdf)
<use logo-upm-transparent.pdf>
Package pdftex.def Info: logo-upm-transparent.pdf  used on input line 107.
(pdftex.def)             Requested size: 235.32745pt x 109.25697pt.
 [6

]
File: upm-transparent.pdf Graphic file (type pdf)
<use upm-transparent.pdf>
Package pdftex.def Info: upm-transparent.pdf  used on input line 156.
(pdftex.def)             Requested size: 56.09361pt x 19.12225pt.
Missing character: There is no ; in font nullfont!
File: logo-upm-transparent.pdf Graphic file (type pdf)
<use logo-upm-transparent.pdf>
Package pdftex.def Info: logo-upm-transparent.pdf  used on input line 156.
(pdftex.def)             Requested size: 235.32745pt x 109.25697pt.
 [7

]
File: upm-transparent.pdf Graphic file (type pdf)
<use upm-transparent.pdf>
Package pdftex.def Info: upm-transparent.pdf  used on input line 168.
(pdftex.def)             Requested size: 56.09361pt x 19.12225pt.
Missing character: There is no ; in font nullfont!
File: logo-upm-transparent.pdf Graphic file (type pdf)
<use logo-upm-transparent.pdf>
Package pdftex.def Info: logo-upm-transparent.pdf  used on input line 168.
(pdftex.def)             Requested size: 235.32745pt x 109.25697pt.
 [8

]
File: upm-transparent.pdf Graphic file (type pdf)
<use upm-transparent.pdf>
Package pdftex.def Info: upm-transparent.pdf  used on input line 201.
(pdftex.def)             Requested size: 56.09361pt x 19.12225pt.
Missing character: There is no ; in font nullfont!
File: logo-upm-transparent.pdf Graphic file (type pdf)
<use logo-upm-transparent.pdf>
Package pdftex.def Info: logo-upm-transparent.pdf  used on input line 201.
(pdftex.def)             Requested size: 235.32745pt x 109.25697pt.
 [9

]
File: upm-transparent.pdf Graphic file (type pdf)
<use upm-transparent.pdf>
Package pdftex.def Info: upm-transparent.pdf  used on input line 201.
(pdftex.def)             Requested size: 56.09361pt x 19.12225pt.
Missing character: There is no ; in font nullfont!
File: logo-upm-transparent.pdf Graphic file (type pdf)
<use logo-upm-transparent.pdf>
Package pdftex.def Info: logo-upm-transparent.pdf  used on input line 201.
(pdftex.def)             Requested size: 235.32745pt x 109.25697pt.
 [10


] (./upm-example.toc
LaTeX Info: Redefining \. on input line 1.
LaTeX Info: Redefining \% on input line 1.
)
File: upm-transparent.pdf Graphic file (type pdf)
<use upm-transparent.pdf>
Package pdftex.def Info: upm-transparent.pdf  used on input line 213.
(pdftex.def)             Requested size: 56.09361pt x 19.12225pt.
Missing character: There is no ; in font nullfont!
File: logo-upm-transparent.pdf Graphic file (type pdf)
<use logo-upm-transparent.pdf>
Package pdftex.def Info: logo-upm-transparent.pdf  used on input line 213.
(pdftex.def)             Requested size: 235.32745pt x 109.25697pt.
 [11

]
Overfull \hbox (13.05034pt too wide) in paragraph at lines 237--237
 [] 
 []

File: upm-transparent.pdf Graphic file (type pdf)
<use upm-transparent.pdf>
Package pdftex.def Info: upm-transparent.pdf  used on input line 237.
(pdftex.def)             Requested size: 56.09361pt x 19.12225pt.
Missing character: There is no ; in font nullfont!
File: logo-upm-transparent.pdf Graphic file (type pdf)
<use logo-upm-transparent.pdf>
Package pdftex.def Info: logo-upm-transparent.pdf  used on input line 237.
(pdftex.def)             Requested size: 235.32745pt x 109.25697pt.
[12

]
File: upm-transparent.pdf Graphic file (type pdf)
<use upm-transparent.pdf>
Package pdftex.def Info: upm-transparent.pdf  used on input line 263.
(pdftex.def)             Requested size: 56.09361pt x 19.12225pt.
Missing character: There is no ; in font nullfont!
File: logo-upm-transparent.pdf Graphic file (type pdf)
<use logo-upm-transparent.pdf>
Package pdftex.def Info: logo-upm-transparent.pdf  used on input line 263.
(pdftex.def)             Requested size: 235.32745pt x 109.25697pt.
 [13

]
File: upm-transparent.pdf Graphic file (type pdf)
<use upm-transparent.pdf>
Package pdftex.def Info: upm-transparent.pdf  used on input line 293.
(pdftex.def)             Requested size: 56.09361pt x 19.12225pt.
Missing character: There is no ; in font nullfont!
File: logo-upm-transparent.pdf Graphic file (type pdf)
<use logo-upm-transparent.pdf>
Package pdftex.def Info: logo-upm-transparent.pdf  used on input line 293.
(pdftex.def)             Requested size: 235.32745pt x 109.25697pt.
 [14

]
File: upm-transparent.pdf Graphic file (type pdf)
<use upm-transparent.pdf>
Package pdftex.def Info: upm-transparent.pdf  used on input line 344.
(pdftex.def)             Requested size: 56.09361pt x 19.12225pt.
Missing character: There is no ; in font nullfont!
File: logo-upm-transparent.pdf Graphic file (type pdf)
<use logo-upm-transparent.pdf>
Package pdftex.def Info: logo-upm-transparent.pdf  used on input line 344.
(pdftex.def)             Requested size: 235.32745pt x 109.25697pt.
 [15

]
File: upm-transparent.pdf Graphic file (type pdf)
<use upm-transparent.pdf>
Package pdftex.def Info: upm-transparent.pdf  used on input line 344.
(pdftex.def)             Requested size: 56.09361pt x 19.12225pt.
Missing character: There is no ; in font nullfont!
File: logo-upm-transparent.pdf Graphic file (type pdf)
<use logo-upm-transparent.pdf>
Package pdftex.def Info: logo-upm-transparent.pdf  used on input line 344.
(pdftex.def)             Requested size: 235.32745pt x 109.25697pt.
 [16


] (./upm-example.toc
LaTeX Info: Redefining \. on input line 1.
LaTeX Info: Redefining \% on input line 1.
)
File: upm-transparent.pdf Graphic file (type pdf)
<use upm-transparent.pdf>
Package pdftex.def Info: upm-transparent.pdf  used on input line 354.
(pdftex.def)             Requested size: 56.09361pt x 19.12225pt.
Missing character: There is no ; in font nullfont!
File: logo-upm-transparent.pdf Graphic file (type pdf)
<use logo-upm-transparent.pdf>
Package pdftex.def Info: logo-upm-transparent.pdf  used on input line 354.
(pdftex.def)             Requested size: 235.32745pt x 109.25697pt.
 [17

]
File: upm-transparent.pdf Graphic file (type pdf)
<use upm-transparent.pdf>
Package pdftex.def Info: upm-transparent.pdf  used on input line 371.
(pdftex.def)             Requested size: 56.09361pt x 19.12225pt.
Missing character: There is no ; in font nullfont!
File: logo-upm-transparent.pdf Graphic file (type pdf)
<use logo-upm-transparent.pdf>
Package pdftex.def Info: logo-upm-transparent.pdf  used on input line 371.
(pdftex.def)             Requested size: 235.32745pt x 109.25697pt.
 [18

]
<figures/crecimiento-tic-ine.pdf, id=219, 462.52798pt x 346.89601pt>
File: figures/crecimiento-tic-ine.pdf Graphic file (type pdf)
<use figures/crecimiento-tic-ine.pdf>
Package pdftex.def Info: figures/crecimiento-tic-ine.pdf  used on input line 39
7.
(pdftex.def)             Requested size: 122.91406pt x 92.18108pt.
File: upm-transparent.pdf Graphic file (type pdf)
<use upm-transparent.pdf>
Package pdftex.def Info: upm-transparent.pdf  used on input line 397.
(pdftex.def)             Requested size: 56.09361pt x 19.12225pt.
Missing character: There is no ; in font nullfont!
File: logo-upm-transparent.pdf Graphic file (type pdf)
<use logo-upm-transparent.pdf>
Package pdftex.def Info: logo-upm-transparent.pdf  used on input line 397.
(pdftex.def)             Requested size: 235.32745pt x 109.25697pt.
 [19

 <./figures/crecimiento-tic-ine.pdf>]
LaTeX Font Info:    Trying to load font information for TS1+cmss on input line 
419.
 (/usr/share/texlive/texmf-dist/tex/latex/base/ts1cmss.fd
File: ts1cmss.fd 2019/12/16 v2.5j Standard LaTeX font definitions
)
<figures/medtech-europe--facts-figures-2024.pdf, id=263, 700.00859pt x 450.4829
9pt>
File: figures/medtech-europe--facts-figures-2024.pdf Graphic file (type pdf)
<use figures/medtech-europe--facts-figures-2024.pdf>
Package pdftex.def Info: figures/medtech-europe--facts-figures-2024.pdf  used o
n input line 419.
(pdftex.def)             Requested size: 184.3758pt x 118.64879pt.
File: upm-transparent.pdf Graphic file (type pdf)
<use upm-transparent.pdf>
Package pdftex.def Info: upm-transparent.pdf  used on input line 419.
(pdftex.def)             Requested size: 56.09361pt x 19.12225pt.
Missing character: There is no ; in font nullfont!
File: logo-upm-transparent.pdf Graphic file (type pdf)
<use logo-upm-transparent.pdf>
Package pdftex.def Info: logo-upm-transparent.pdf  used on input line 419.
(pdftex.def)             Requested size: 235.32745pt x 109.25697pt.

[20

 <./figures/medtech-europe--facts-figures-2024.pdf>] (./upm-example.toc
LaTeX Info: Redefining \. on input line 1.
LaTeX Info: Redefining \% on input line 1.
)
File: upm-transparent.pdf Graphic file (type pdf)
<use upm-transparent.pdf>
Package pdftex.def Info: upm-transparent.pdf  used on input line 426.
(pdftex.def)             Requested size: 56.09361pt x 19.12225pt.
Missing character: There is no ; in font nullfont!
File: logo-upm-transparent.pdf Graphic file (type pdf)
<use logo-upm-transparent.pdf>
Package pdftex.def Info: logo-upm-transparent.pdf  used on input line 426.
(pdftex.def)             Requested size: 235.32745pt x 109.25697pt.

[21

]
Overfull \hbox (11.45995pt too wide) in paragraph at lines 488--488
 [] 
 []

File: upm-transparent.pdf Graphic file (type pdf)
<use upm-transparent.pdf>
Package pdftex.def Info: upm-transparent.pdf  used on input line 488.
(pdftex.def)             Requested size: 56.09361pt x 19.12225pt.
Missing character: There is no ; in font nullfont!
File: logo-upm-transparent.pdf Graphic file (type pdf)
<use logo-upm-transparent.pdf>
Package pdftex.def Info: logo-upm-transparent.pdf  used on input line 488.
(pdftex.def)             Requested size: 235.32745pt x 109.25697pt.
[22

] (./upm-example.toc
LaTeX Info: Redefining \. on input line 1.
LaTeX Info: Redefining \% on input line 1.
)
File: upm-transparent.pdf Graphic file (type pdf)
<use upm-transparent.pdf>
Package pdftex.def Info: upm-transparent.pdf  used on input line 500.
(pdftex.def)             Requested size: 56.09361pt x 19.12225pt.
Missing character: There is no ; in font nullfont!
File: logo-upm-transparent.pdf Graphic file (type pdf)
<use logo-upm-transparent.pdf>
Package pdftex.def Info: logo-upm-transparent.pdf  used on input line 500.
(pdftex.def)             Requested size: 235.32745pt x 109.25697pt.
 [23

]
File: upm-transparent.pdf Graphic file (type pdf)
<use upm-transparent.pdf>
Package pdftex.def Info: upm-transparent.pdf  used on input line 516.
(pdftex.def)             Requested size: 56.09361pt x 19.12225pt.
Missing character: There is no ; in font nullfont!
File: logo-upm-transparent.pdf Graphic file (type pdf)
<use logo-upm-transparent.pdf>
Package pdftex.def Info: logo-upm-transparent.pdf  used on input line 516.
(pdftex.def)             Requested size: 235.32745pt x 109.25697pt.
 [24

]
<figures/gib-plan-estudios.png, id=329, 1148.79187pt x 619.56468pt>
File: figures/gib-plan-estudios.png Graphic file (type png)
<use figures/gib-plan-estudios.png>
Package pdftex.def Info: figures/gib-plan-estudios.png  used on input line 534.

(pdftex.def)             Requested size: 276.559pt x 149.15233pt.
File: upm-transparent.pdf Graphic file (type pdf)
<use upm-transparent.pdf>
Package pdftex.def Info: upm-transparent.pdf  used on input line 534.
(pdftex.def)             Requested size: 56.09361pt x 19.12225pt.
Missing character: There is no ; in font nullfont!
File: logo-upm-transparent.pdf Graphic file (type pdf)
<use logo-upm-transparent.pdf>
Package pdftex.def Info: logo-upm-transparent.pdf  used on input line 534.
(pdftex.def)             Requested size: 235.32745pt x 109.25697pt.
 [25

 <./figures/gib-plan-estudios.png>]
<figures/gib-itinerario-datos.png, id=339, 1294.8375pt x 245.41687pt>
File: figures/gib-itinerario-datos.png Graphic file (type png)
<use figures/gib-itinerario-datos.png>
Package pdftex.def Info: figures/gib-itinerario-datos.png  used on input line 5
59.
(pdftex.def)             Requested size: 276.559pt x 52.41533pt.
File: upm-transparent.pdf Graphic file (type pdf)
<use upm-transparent.pdf>
Package pdftex.def Info: upm-transparent.pdf  used on input line 559.
(pdftex.def)             Requested size: 56.09361pt x 19.12225pt.
Missing character: There is no ; in font nullfont!
File: logo-upm-transparent.pdf Graphic file (type pdf)
<use logo-upm-transparent.pdf>
Package pdftex.def Info: logo-upm-transparent.pdf  used on input line 559.
(pdftex.def)             Requested size: 235.32745pt x 109.25697pt.

[26

 <./figures/gib-itinerario-datos.png>]
File: upm-transparent.pdf Graphic file (type pdf)
<use upm-transparent.pdf>
Package pdftex.def Info: upm-transparent.pdf  used on input line 573.
(pdftex.def)             Requested size: 56.09361pt x 19.12225pt.
Missing character: There is no ; in font nullfont!
File: logo-upm-transparent.pdf Graphic file (type pdf)
<use logo-upm-transparent.pdf>
Package pdftex.def Info: logo-upm-transparent.pdf  used on input line 573.
(pdftex.def)             Requested size: 235.32745pt x 109.25697pt.
 [27

]
Overfull \hbox (2.67595pt too wide) in paragraph at lines 591--591
[]|\T1/cmss/bx/n/10 Tema| 
 []


Overfull \hbox (3.55907pt too wide) in paragraph at lines 591--591
[]|\T1/cmss/bx/n/10 Horas| 
 []


Underfull \hbox (badness 1077) in paragraph at lines 591--591
[]|\T1/cmss/m/n/10 Definicin, com-po-nen-tes, apli-
 []


Underfull \hbox (badness 1546) in paragraph at lines 591--591
\T1/cmss/m/n/10 ca-cio-nes, re-qui-si-tos. Efi-cien-cia
 []


Underfull \hbox (badness 3989) in paragraph at lines 591--591
[]|\T1/cmss/m/n/10 Intro. Di-rec-cio-nes/prefijos IP.
 []


Overfull \hbox (13.63399pt too wide) in paragraph at lines 591--591
 [] 
 []

File: upm-transparent.pdf Graphic file (type pdf)
<use upm-transparent.pdf>
Package pdftex.def Info: upm-transparent.pdf  used on input line 591.
(pdftex.def)             Requested size: 56.09361pt x 19.12225pt.
Missing character: There is no ; in font nullfont!
File: logo-upm-transparent.pdf Graphic file (type pdf)
<use logo-upm-transparent.pdf>
Package pdftex.def Info: logo-upm-transparent.pdf  used on input line 591.
(pdftex.def)             Requested size: 235.32745pt x 109.25697pt.
[28

]
File: upm-transparent.pdf Graphic file (type pdf)
<use upm-transparent.pdf>
Package pdftex.def Info: upm-transparent.pdf  used on input line 608.
(pdftex.def)             Requested size: 56.09361pt x 19.12225pt.
Missing character: There is no ; in font nullfont!
File: logo-upm-transparent.pdf Graphic file (type pdf)
<use logo-upm-transparent.pdf>
Package pdftex.def Info: logo-upm-transparent.pdf  used on input line 608.
(pdftex.def)             Requested size: 235.32745pt x 109.25697pt.
 [29

]
File: upm-transparent.pdf Graphic file (type pdf)
<use upm-transparent.pdf>
Package pdftex.def Info: upm-transparent.pdf  used on input line 628.
(pdftex.def)             Requested size: 56.09361pt x 19.12225pt.
Missing character: There is no ; in font nullfont!
File: logo-upm-transparent.pdf Graphic file (type pdf)
<use logo-upm-transparent.pdf>
Package pdftex.def Info: logo-upm-transparent.pdf  used on input line 628.
(pdftex.def)             Requested size: 235.32745pt x 109.25697pt.
 [30

]
File: upm-transparent.pdf Graphic file (type pdf)
<use upm-transparent.pdf>
Package pdftex.def Info: upm-transparent.pdf  used on input line 677.
(pdftex.def)             Requested size: 56.09361pt x 19.12225pt.
Missing character: There is no ; in font nullfont!
File: logo-upm-transparent.pdf Graphic file (type pdf)
<use logo-upm-transparent.pdf>
Package pdftex.def Info: logo-upm-transparent.pdf  used on input line 677.
(pdftex.def)             Requested size: 235.32745pt x 109.25697pt.
 [31

]
Underfull \hbox (badness 10000) in paragraph at lines 702--702
|[]
 []


Underfull \hbox (badness 10000) in paragraph at lines 702--702
|[]
 []


Overfull \hbox (6.60954pt too wide) in paragraph at lines 702--702
[]
 []


Overfull \hbox (5.09807pt too wide) in paragraph at lines 702--702
 [] 
 []

File: upm-transparent.pdf Graphic file (type pdf)
<use upm-transparent.pdf>
Package pdftex.def Info: upm-transparent.pdf  used on input line 702.
(pdftex.def)             Requested size: 56.09361pt x 19.12225pt.
Missing character: There is no ; in font nullfont!
File: logo-upm-transparent.pdf Graphic file (type pdf)
<use logo-upm-transparent.pdf>
Package pdftex.def Info: logo-upm-transparent.pdf  used on input line 702.
(pdftex.def)             Requested size: 235.32745pt x 109.25697pt.
[32

]
<figures/logo-innovacion.png, id=380, 687.56876pt x 739.76375pt>
File: figures/logo-innovacion.png Graphic file (type png)
<use figures/logo-innovacion.png>
Package pdftex.def Info: figures/logo-innovacion.png  used on input line 730.
(pdftex.def)             Requested size: 42.67912pt x 45.90776pt.

Overfull \hbox (21.90005pt too wide) in paragraph at lines 730--730
[][][][][][][]  
 []

File: upm-transparent.pdf Graphic file (type pdf)
<use upm-transparent.pdf>
Package pdftex.def Info: upm-transparent.pdf  used on input line 730.
(pdftex.def)             Requested size: 56.09361pt x 19.12225pt.
Missing character: There is no ; in font nullfont!
File: logo-upm-transparent.pdf Graphic file (type pdf)
<use logo-upm-transparent.pdf>
Package pdftex.def Info: logo-upm-transparent.pdf  used on input line 730.
(pdftex.def)             Requested size: 235.32745pt x 109.25697pt.
[33

 <./figures/logo-innovacion.png>]
File: upm-transparent.pdf Graphic file (type pdf)
<use upm-transparent.pdf>
Package pdftex.def Info: upm-transparent.pdf  used on input line 767.
(pdftex.def)             Requested size: 56.09361pt x 19.12225pt.
Missing character: There is no ; in font nullfont!

Overfull \vbox (1.52264pt too high) detected at line 767
 []

File: logo-upm-transparent.pdf Graphic file (type pdf)
<use logo-upm-transparent.pdf>
Package pdftex.def Info: logo-upm-transparent.pdf  used on input line 767.
(pdftex.def)             Requested size: 235.32745pt x 109.25697pt.
[34

] (./upm-example.toc
LaTeX Info: Redefining \. on input line 1.
LaTeX Info: Redefining \% on input line 1.
)
File: upm-transparent.pdf Graphic file (type pdf)
<use upm-transparent.pdf>
Package pdftex.def Info: upm-transparent.pdf  used on input line 783.
(pdftex.def)             Requested size: 56.09361pt x 19.12225pt.
Missing character: There is no ; in font nullfont!
File: logo-upm-transparent.pdf Graphic file (type pdf)
<use logo-upm-transparent.pdf>
Package pdftex.def Info: logo-upm-transparent.pdf  used on input line 783.
(pdftex.def)             Requested size: 235.32745pt x 109.25697pt.
 [35

]
Overfull \hbox (5.97153pt too wide) in paragraph at lines 799--799
[]|\T1/cmss/m/n/10.95 Competencias| 
 []

File: upm-transparent.pdf Graphic file (type pdf)
<use upm-transparent.pdf>
Package pdftex.def Info: upm-transparent.pdf  used on input line 799.
(pdftex.def)             Requested size: 56.09361pt x 19.12225pt.
Missing character: There is no ; in font nullfont!
File: logo-upm-transparent.pdf Graphic file (type pdf)
<use logo-upm-transparent.pdf>
Package pdftex.def Info: logo-upm-transparent.pdf  used on input line 799.
(pdftex.def)             Requested size: 235.32745pt x 109.25697pt.
[36

]
<figures/rstc-plan-estudios.pdf, id=412, 436.39037pt x 277.39633pt>
File: figures/rstc-plan-estudios.pdf Graphic file (type pdf)
<use figures/rstc-plan-estudios.pdf>
Package pdftex.def Info: figures/rstc-plan-estudios.pdf  used on input line 827
.
(pdftex.def)             Requested size: 184.3758pt x 117.20406pt.
pdfTeX warning (ext4): destination with the same identifier (name{fig:gib-plan-
estudios}) has been already used, duplicate ignored
<to be read again> 
                   \relax 
l.827 \end{frame}
                 
File: upm-transparent.pdf Graphic file (type pdf)
<use upm-transparent.pdf>
Package pdftex.def Info: upm-transparent.pdf  used on input line 827.
(pdftex.def)             Requested size: 56.09361pt x 19.12225pt.
Missing character: There is no ; in font nullfont!
File: logo-upm-transparent.pdf Graphic file (type pdf)
<use logo-upm-transparent.pdf>
Package pdftex.def Info: logo-upm-transparent.pdf  used on input line 827.
(pdftex.def)             Requested size: 235.32745pt x 109.25697pt.
 [37

 <./figures/rstc-plan-estudios.pdf>]
<figures/gitst-modulo-comun.pdf, id=461, 444.4605pt x 228.13228pt>
File: figures/gitst-modulo-comun.pdf Graphic file (type pdf)
<use figures/gitst-modulo-comun.pdf>
Package pdftex.def Info: figures/gitst-modulo-comun.pdf  used on input line 859
.
(pdftex.def)             Requested size: 184.3758pt x 94.63483pt.
File: upm-transparent.pdf Graphic file (type pdf)
<use upm-transparent.pdf>
Package pdftex.def Info: upm-transparent.pdf  used on input line 859.
(pdftex.def)             Requested size: 56.09361pt x 19.12225pt.
Missing character: There is no ; in font nullfont!

Overfull \vbox (12.68616pt too high) detected at line 859
 []

File: logo-upm-transparent.pdf Graphic file (type pdf)
<use logo-upm-transparent.pdf>
Package pdftex.def Info: logo-upm-transparent.pdf  used on input line 859.
(pdftex.def)             Requested size: 235.32745pt x 109.25697pt.
[38

 <./figures/gitst-modulo-comun.pdf>]
File: upm-transparent.pdf Graphic file (type pdf)
<use upm-transparent.pdf>
Package pdftex.def Info: upm-transparent.pdf  used on input line 893.
(pdftex.def)             Requested size: 56.09361pt x 19.12225pt.
Missing character: There is no ; in font nullfont!
File: logo-upm-transparent.pdf Graphic file (type pdf)
<use logo-upm-transparent.pdf>
Package pdftex.def Info: logo-upm-transparent.pdf  used on input line 893.
(pdftex.def)             Requested size: 235.32745pt x 109.25697pt.
 [39

]
File: upm-transparent.pdf Graphic file (type pdf)
<use upm-transparent.pdf>
Package pdftex.def Info: upm-transparent.pdf  used on input line 893.
(pdftex.def)             Requested size: 56.09361pt x 19.12225pt.
Missing character: There is no ; in font nullfont!
File: logo-upm-transparent.pdf Graphic file (type pdf)
<use logo-upm-transparent.pdf>
Package pdftex.def Info: logo-upm-transparent.pdf  used on input line 893.
(pdftex.def)             Requested size: 235.32745pt x 109.25697pt.
 [40


]
File: upm-transparent.pdf Graphic file (type pdf)
<use upm-transparent.pdf>
Package pdftex.def Info: upm-transparent.pdf  used on input line 893.
(pdftex.def)             Requested size: 56.09361pt x 19.12225pt.
Missing character: There is no ; in font nullfont!
File: logo-upm-transparent.pdf Graphic file (type pdf)
<use logo-upm-transparent.pdf>
Package pdftex.def Info: logo-upm-transparent.pdf  used on input line 893.
(pdftex.def)             Requested size: 235.32745pt x 109.25697pt.
 [41


]
Overfull \hbox (5.5214pt too wide) in paragraph at lines 919--919
[]|\T1/cmss/bx/n/10 Tema| 
 []


Overfull \hbox (3.55907pt too wide) in paragraph at lines 919--919
[]|\T1/cmss/bx/n/10 Horas| 
 []


Underfull \hbox (badness 3019) in paragraph at lines 919--919
[]|\T1/cmss/m/n/10 Encapsulado, PDU, pres-ta-cio-
 []


Underfull \hbox (badness 2229) in paragraph at lines 919--919
[]|\T1/cmss/m/n/10 Fundamentos de te-le-
 []


Underfull \hbox (badness 10000) in paragraph at lines 919--919
[]|\T1/cmss/m/n/10 Distribucin ex-po-nen-
 []


Underfull \hbox (badness 10000) in paragraph at lines 919--919
[]|\T1/cmss/m/n/10 M/M/N, M/M/1/K,
 []


Overfull \hbox (19.32446pt too wide) in paragraph at lines 919--919
 [] 
 []

File: upm-transparent.pdf Graphic file (type pdf)
<use upm-transparent.pdf>
Package pdftex.def Info: upm-transparent.pdf  used on input line 919.
(pdftex.def)             Requested size: 56.09361pt x 19.12225pt.
Missing character: There is no ; in font nullfont!
File: logo-upm-transparent.pdf Graphic file (type pdf)
<use logo-upm-transparent.pdf>
Package pdftex.def Info: logo-upm-transparent.pdf  used on input line 919.
(pdftex.def)             Requested size: 235.32745pt x 109.25697pt.
[42

]
File: upm-transparent.pdf Graphic file (type pdf)
<use upm-transparent.pdf>
Package pdftex.def Info: upm-transparent.pdf  used on input line 942.
(pdftex.def)             Requested size: 56.09361pt x 19.12225pt.
Missing character: There is no ; in font nullfont!
File: logo-upm-transparent.pdf Graphic file (type pdf)
<use logo-upm-transparent.pdf>
Package pdftex.def Info: logo-upm-transparent.pdf  used on input line 942.
(pdftex.def)             Requested size: 235.32745pt x 109.25697pt.
 [43

]
File: upm-transparent.pdf Graphic file (type pdf)
<use upm-transparent.pdf>
Package pdftex.def Info: upm-transparent.pdf  used on input line 969.
(pdftex.def)             Requested size: 56.09361pt x 19.12225pt.
Missing character: There is no ; in font nullfont!
File: logo-upm-transparent.pdf Graphic file (type pdf)
<use logo-upm-transparent.pdf>
Package pdftex.def Info: logo-upm-transparent.pdf  used on input line 969.
(pdftex.def)             Requested size: 235.32745pt x 109.25697pt.
 [44

]
File: upm-transparent.pdf Graphic file (type pdf)
<use upm-transparent.pdf>
Package pdftex.def Info: upm-transparent.pdf  used on input line 1010.
(pdftex.def)             Requested size: 56.09361pt x 19.12225pt.
Missing character: There is no ; in font nullfont!
File: logo-upm-transparent.pdf Graphic file (type pdf)
<use logo-upm-transparent.pdf>
Package pdftex.def Info: logo-upm-transparent.pdf  used on input line 1010.
(pdftex.def)             Requested size: 235.32745pt x 109.25697pt.
 [45

]
Underfull \hbox (badness 10000) in paragraph at lines 1045--1045
|[]
 []


Underfull \hbox (badness 10000) in paragraph at lines 1045--1045
|[]
 []


Overfull \hbox (6.60954pt too wide) in paragraph at lines 1045--1045
[]
 []


Underfull \hbox (badness 10000) in paragraph at lines 1045--1045
[]|\T1/cmss/m/n/10 CG9, CECT2,
 []


Underfull \hbox (badness 10000) in paragraph at lines 1045--1045
\T1/cmss/m/n/10 CECT3, CECT6,
 []


Underfull \hbox (badness 3343) in paragraph at lines 1045--1045
\T1/cmss/m/n/10 CECT12, CECT13,
 []


Underfull \hbox (badness 10000) in paragraph at lines 1045--1045
\T1/cmss/m/n/10 CECT14, CG1 y
 []


Underfull \hbox (badness 3792) in paragraph at lines 1045--1045
[]|\T1/cmss/m/n/10 CG6, CG9, CG12,
 []


Underfull \hbox (badness 10000) in paragraph at lines 1045--1045
\T1/cmss/m/n/10 CECT2, CECT3,
 []


Underfull \hbox (badness 10000) in paragraph at lines 1045--1045
\T1/cmss/m/n/10 CECT6, CECT12,
 []


Underfull \hbox (badness 3343) in paragraph at lines 1045--1045
\T1/cmss/m/n/10 CECT13, CECT14,
 []


Overfull \hbox (5.09807pt too wide) in paragraph at lines 1045--1045
 [] 
 []

pdfTeX warning (ext4): destination with the same identifier (name{table:evaluac
ion-competencias-rser}) has been already used, duplicate ignored
<to be read again> 
                   \relax 
l.1045 \end{frame}
                  
File: upm-transparent.pdf Graphic file (type pdf)
<use upm-transparent.pdf>
Package pdftex.def Info: upm-transparent.pdf  used on input line 1045.
(pdftex.def)             Requested size: 56.09361pt x 19.12225pt.
Missing character: There is no ; in font nullfont!

Overfull \vbox (11.40392pt too high) detected at line 1045
 []

File: logo-upm-transparent.pdf Graphic file (type pdf)
<use logo-upm-transparent.pdf>
Package pdftex.def Info: logo-upm-transparent.pdf  used on input line 1045.
(pdftex.def)             Requested size: 235.32745pt x 109.25697pt.
[46

]
File: upm-transparent.pdf Graphic file (type pdf)
<use upm-transparent.pdf>
Package pdftex.def Info: upm-transparent.pdf  used on input line 1124.
(pdftex.def)             Requested size: 56.09361pt x 19.12225pt.
Missing character: There is no ; in font nullfont!
File: logo-upm-transparent.pdf Graphic file (type pdf)
<use logo-upm-transparent.pdf>
Package pdftex.def Info: logo-upm-transparent.pdf  used on input line 1124.
(pdftex.def)             Requested size: 235.32745pt x 109.25697pt.
 [47

] (./upm-example.toc
LaTeX Info: Redefining \. on input line 1.
LaTeX Info: Redefining \% on input line 1.
)
File: upm-transparent.pdf Graphic file (type pdf)
<use upm-transparent.pdf>
Package pdftex.def Info: upm-transparent.pdf  used on input line 1142.
(pdftex.def)             Requested size: 56.09361pt x 19.12225pt.
Missing character: There is no ; in font nullfont!
File: logo-upm-transparent.pdf Graphic file (type pdf)
<use logo-upm-transparent.pdf>
Package pdftex.def Info: logo-upm-transparent.pdf  used on input line 1142.
(pdftex.def)             Requested size: 235.32745pt x 109.25697pt.
 [48

]
Overfull \hbox (19.80574pt too wide) in paragraph at lines 1263--1263
 [] 
 []

File: upm-transparent.pdf Graphic file (type pdf)
<use upm-transparent.pdf>
Package pdftex.def Info: upm-transparent.pdf  used on input line 1263.
(pdftex.def)             Requested size: 56.09361pt x 19.12225pt.
Missing character: There is no ; in font nullfont!
File: logo-upm-transparent.pdf Graphic file (type pdf)
<use logo-upm-transparent.pdf>
Package pdftex.def Info: logo-upm-transparent.pdf  used on input line 1263.
(pdftex.def)             Requested size: 235.32745pt x 109.25697pt.
[49

] (./upm-example.toc
LaTeX Info: Redefining \. on input line 1.
LaTeX Info: Redefining \% on input line 1.
)
File: upm-transparent.pdf Graphic file (type pdf)
<use upm-transparent.pdf>
Package pdftex.def Info: upm-transparent.pdf  used on input line 1274.
(pdftex.def)             Requested size: 56.09361pt x 19.12225pt.
Missing character: There is no ; in font nullfont!
File: logo-upm-transparent.pdf Graphic file (type pdf)
<use logo-upm-transparent.pdf>
Package pdftex.def Info: logo-upm-transparent.pdf  used on input line 1274.
(pdftex.def)             Requested size: 235.32745pt x 109.25697pt.
 [50

]
<figures/big-picture-final-huge.pdf, id=773, 1596.09483pt x 610.08812pt>
File: figures/big-picture-final-huge.pdf Graphic file (type pdf)
<use figures/big-picture-final-huge.pdf>
Package pdftex.def Info: figures/big-picture-final-huge.pdf  used on input line
 1290.
(pdftex.def)             Requested size: 307.28987pt x 117.45395pt.
File: upm-transparent.pdf Graphic file (type pdf)
<use upm-transparent.pdf>
Package pdftex.def Info: upm-transparent.pdf  used on input line 1290.
(pdftex.def)             Requested size: 56.09361pt x 19.12225pt.
Missing character: There is no ; in font nullfont!
File: logo-upm-transparent.pdf Graphic file (type pdf)
<use logo-upm-transparent.pdf>
Package pdftex.def Info: logo-upm-transparent.pdf  used on input line 1290.
(pdftex.def)             Requested size: 235.32745pt x 109.25697pt.
 [51

 <./figures/big-picture-final-huge.pdf>]
(./upm-example.toc
LaTeX Info: Redefining \. on input line 1.
LaTeX Info: Redefining \% on input line 1.
)
File: upm-transparent.pdf Graphic file (type pdf)
<use upm-transparent.pdf>
Package pdftex.def Info: upm-transparent.pdf  used on input line 1297.
(pdftex.def)             Requested size: 56.09361pt x 19.12225pt.
Missing character: There is no ; in font nullfont!
File: logo-upm-transparent.pdf Graphic file (type pdf)
<use logo-upm-transparent.pdf>
Package pdftex.def Info: logo-upm-transparent.pdf  used on input line 1297.
(pdftex.def)             Requested size: 235.32745pt x 109.25697pt.
 [52

]
File: figures/big-picture-final-huge.pdf Graphic file (type pdf)
<use figures/big-picture-final-huge.pdf>
Package pdftex.def Info: figures/big-picture-final-huge.pdf  used on input line
 1313.
(pdftex.def)             Requested size: 153.64493pt x 58.72232pt.
File: upm-transparent.pdf Graphic file (type pdf)
<use upm-transparent.pdf>
Package pdftex.def Info: upm-transparent.pdf  used on input line 1313.
(pdftex.def)             Requested size: 56.09361pt x 19.12225pt.
Missing character: There is no ; in font nullfont!
File: logo-upm-transparent.pdf Graphic file (type pdf)
<use logo-upm-transparent.pdf>
Package pdftex.def Info: logo-upm-transparent.pdf  used on input line 1313.
(pdftex.def)             Requested size: 235.32745pt x 109.25697pt.
 [53

]
File: upm-transparent.pdf Graphic file (type pdf)
<use upm-transparent.pdf>
Package pdftex.def Info: upm-transparent.pdf  used on input line 1336.
(pdftex.def)             Requested size: 56.09361pt x 19.12225pt.
Missing character: There is no ; in font nullfont!
File: logo-upm-transparent.pdf Graphic file (type pdf)
<use logo-upm-transparent.pdf>
Package pdftex.def Info: logo-upm-transparent.pdf  used on input line 1336.
(pdftex.def)             Requested size: 235.32745pt x 109.25697pt.
 [54

]
<figures/etapas.pdf, id=819, 682.83151pt x 760.70166pt>
File: figures/etapas.pdf Graphic file (type pdf)
<use figures/etapas.pdf>
Package pdftex.def Info: figures/etapas.pdf  used on input line 1348.
(pdftex.def)             Requested size: 153.64493pt x 171.1621pt.
File: upm-transparent.pdf Graphic file (type pdf)
<use upm-transparent.pdf>
Package pdftex.def Info: upm-transparent.pdf  used on input line 1348.
(pdftex.def)             Requested size: 56.09361pt x 19.12225pt.
Missing character: There is no ; in font nullfont!
File: logo-upm-transparent.pdf Graphic file (type pdf)
<use logo-upm-transparent.pdf>
Package pdftex.def Info: logo-upm-transparent.pdf  used on input line 1348.
(pdftex.def)             Requested size: 235.32745pt x 109.25697pt.
 [55

 <./figures/etapas.pdf>]
<figures/digital-twin.pdf, id=841, 310.29068pt x 304.50078pt>
File: figures/digital-twin.pdf Graphic file (type pdf)
<use figures/digital-twin.pdf>
Package pdftex.def Info: figures/digital-twin.pdf  used on input line 1375.
(pdftex.def)             Requested size: 92.1879pt x 90.46349pt.
File: upm-transparent.pdf Graphic file (type pdf)
<use upm-transparent.pdf>
Package pdftex.def Info: upm-transparent.pdf  used on input line 1375.
(pdftex.def)             Requested size: 56.09361pt x 19.12225pt.
Missing character: There is no ; in font nullfont!
File: logo-upm-transparent.pdf Graphic file (type pdf)
<use logo-upm-transparent.pdf>
Package pdftex.def Info: logo-upm-transparent.pdf  used on input line 1375.
(pdftex.def)             Requested size: 235.32745pt x 109.25697pt.
 [56

 <./figures/digital-twin.pdf>]
<figures/isolines.pdf, id=855, 244.54637pt x 116.60115pt>
File: figures/isolines.pdf Graphic file (type pdf)
<use figures/isolines.pdf>
Package pdftex.def Info: figures/isolines.pdf  used on input line 1431.
(pdftex.def)             Requested size: 117.9987pt x 56.26324pt.
<figures/snc.pdf, id=856, 250.93748pt x 133.52184pt>
File: figures/snc.pdf Graphic file (type pdf)
<use figures/snc.pdf>
Package pdftex.def Info: figures/snc.pdf  used on input line 1431.
(pdftex.def)             Requested size: 117.9987pt x 62.78786pt.
File: upm-transparent.pdf Graphic file (type pdf)
<use upm-transparent.pdf>
Package pdftex.def Info: upm-transparent.pdf  used on input line 1431.
(pdftex.def)             Requested size: 56.09361pt x 19.12225pt.
Missing character: There is no ; in font nullfont!
File: logo-upm-transparent.pdf Graphic file (type pdf)
<use logo-upm-transparent.pdf>
Package pdftex.def Info: logo-upm-transparent.pdf  used on input line 1431.
(pdftex.def)             Requested size: 235.32745pt x 109.25697pt.
 [57

 <./figures/isolines.pdf> <./figures/snc.pdf

pdfTeX warning: pdflatex (file ./figures/snc.pdf): PDF inclusion: multiple pdfs
 with page group included in a single page
>]
<figures/configured-grant-repetitions.pdf, id=2358, 228.02489pt x 165.66426pt>
File: figures/configured-grant-repetitions.pdf Graphic file (type pdf)
<use figures/configured-grant-repetitions.pdf>
Package pdftex.def Info: figures/configured-grant-repetitions.pdf  used on inpu
t line 1456.
(pdftex.def)             Requested size: 122.91406pt x 89.29811pt.
File: upm-transparent.pdf Graphic file (type pdf)
<use upm-transparent.pdf>
Package pdftex.def Info: upm-transparent.pdf  used on input line 1456.
(pdftex.def)             Requested size: 56.09361pt x 19.12225pt.
Missing character: There is no ; in font nullfont!
File: logo-upm-transparent.pdf Graphic file (type pdf)
<use logo-upm-transparent.pdf>
Package pdftex.def Info: logo-upm-transparent.pdf  used on input line 1456.
(pdftex.def)             Requested size: 235.32745pt x 109.25697pt.
 [58

 <./figures/configured-grant-repetitions.pdf>]
<figures/validacion.pdf, id=2383, 956.96817pt x 488.43857pt>
File: figures/validacion.pdf Graphic file (type pdf)
<use figures/validacion.pdf>
Package pdftex.def Info: figures/validacion.pdf  used on input line 1504.
(pdftex.def)             Requested size: 153.64493pt x 78.42006pt.
File: upm-transparent.pdf Graphic file (type pdf)
<use upm-transparent.pdf>
Package pdftex.def Info: upm-transparent.pdf  used on input line 1504.
(pdftex.def)             Requested size: 56.09361pt x 19.12225pt.
Missing character: There is no ; in font nullfont!

Overfull \vbox (2.26732pt too high) detected at line 1504
 []

File: logo-upm-transparent.pdf Graphic file (type pdf)
<use logo-upm-transparent.pdf>
Package pdftex.def Info: logo-upm-transparent.pdf  used on input line 1504.
(pdftex.def)             Requested size: 235.32745pt x 109.25697pt.
[59

 <./figures/validacion.pdf>]
File: upm-transparent.pdf Graphic file (type pdf)
<use upm-transparent.pdf>
Package pdftex.def Info: upm-transparent.pdf  used on input line 1582.
(pdftex.def)             Requested size: 56.09361pt x 19.12225pt.
Missing character: There is no ; in font nullfont!

Overfull \vbox (2.19807pt too high) detected at line 1582
 []

File: logo-upm-transparent.pdf Graphic file (type pdf)
<use logo-upm-transparent.pdf>
Package pdftex.def Info: logo-upm-transparent.pdf  used on input line 1582.
(pdftex.def)             Requested size: 235.32745pt x 109.25697pt.
[60

]
<figures/ganttPPL.pdf, id=2454, 1336.16989pt x 558.6702pt>
File: figures/ganttPPL.pdf Graphic file (type pdf)
<use figures/ganttPPL.pdf>
Package pdftex.def Info: figures/ganttPPL.pdf  used on input line 1595.
(pdftex.def)             Requested size: 307.28987pt x 128.48291pt.
File: upm-transparent.pdf Graphic file (type pdf)
<use upm-transparent.pdf>
Package pdftex.def Info: upm-transparent.pdf  used on input line 1595.
(pdftex.def)             Requested size: 56.09361pt x 19.12225pt.
Missing character: There is no ; in font nullfont!
File: logo-upm-transparent.pdf Graphic file (type pdf)
<use logo-upm-transparent.pdf>
Package pdftex.def Info: logo-upm-transparent.pdf  used on input line 1595.
(pdftex.def)             Requested size: 235.32745pt x 109.25697pt.
 [61

 <./figures/ganttPPL.pdf>]
File: upm-transparent.pdf Graphic file (type pdf)
<use upm-transparent.pdf>
Package pdftex.def Info: upm-transparent.pdf  used on input line 1623.
(pdftex.def)             Requested size: 56.09361pt x 19.12225pt.
Missing character: There is no ; in font nullfont!
File: logo-upm-transparent.pdf Graphic file (type pdf)
<use logo-upm-transparent.pdf>
Package pdftex.def Info: logo-upm-transparent.pdf  used on input line 1623.
(pdftex.def)             Requested size: 235.32745pt x 109.25697pt.
 [62

]
File: logo-upm-transparent.pdf Graphic file (type pdf)
<use logo-upm-transparent.pdf>
Package pdftex.def Info: logo-upm-transparent.pdf  used on input line 1630.
(pdftex.def)             Requested size: 235.32745pt x 109.25697pt.
 [63

]
\tf@nav=\write6
\openout6 = `upm-example.nav'.

\tf@toc=\write7
\openout7 = `upm-example.toc'.

\tf@snm=\write8
\openout8 = `upm-example.snm'.

Package atveryend Info: Empty hook `BeforeClearDocument' on input line 1632.
Package atveryend Info: Empty hook `AfterLastShipout' on input line 1632.
 (./upm-example.aux
LaTeX Info: Redefining \. on input line 25.
LaTeX Info: Redefining \% on input line 25.
)
Package atveryend Info: Executing hook `AtVeryEndDocument' on input line 1632.
Package atveryend Info: Executing hook `AtEndAfterFileList' on input line 1632.

Package rerunfilecheck Info: File `upm-example.out' has not changed.
(rerunfilecheck)             Checksum: F47FD89D5D0EC60069DBEB688280F0C5;840.


LaTeX Warning: There were multiply-defined labels.

 ) 
Here is how much of TeX's memory you used:
 24648 strings out of 481239
 471270 string characters out of 5920377
 770124 words of memory out of 5000000
 39137 multiletter control sequences out of 15000+600000
 558586 words of font info for 86 fonts, out of 8000000 for 9000
 1141 hyphenation exceptions out of 8191
 58i,18n,80p,805b,1100s stack positions out of 5000i,500n,10000p,200000b,80000s
{/usr/share/texmf/fonts/enc/dvips/cm-super/cm-super-t1.enc}{/usr/share/texmf/
fonts/enc/dvips/cm-super/cm-super-ts1.enc}</usr/share/texmf/fonts/type1/public/
lm/lmtt10.pfb></usr/share/texmf/fonts/type1/public/cm-super/sfsi0600.pfb></usr/
share/texmf/fonts/type1/public/cm-super/sfsi1000.pfb></usr/share/texmf/fonts/ty
pe1/public/cm-super/sfsi1095.pfb></usr/share/texmf/fonts/type1/public/cm-super/
sfss0600.pfb></usr/share/texmf/fonts/type1/public/cm-super/sfss0800.pfb></usr/s
hare/texmf/fonts/type1/public/cm-super/sfss0900.pfb></usr/share/texmf/fonts/typ
e1/public/cm-super/sfss1000.pfb></usr/share/texmf/fonts/type1/public/cm-super/s
fss1095.pfb></usr/share/texmf/fonts/type1/public/cm-super/sfss1200.pfb></usr/sh
are/texmf/fonts/type1/public/cm-super/sfss1440.pfb></usr/share/texmf/fonts/type
1/public/cm-super/sfsx0600.pfb></usr/share/texmf/fonts/type1/public/cm-super/sf
sx0900.pfb></usr/share/texmf/fonts/type1/public/cm-super/sfsx1000.pfb></usr/sha
re/texmf/fonts/type1/public/cm-super/sfsx1095.pfb></usr/share/texmf/fonts/type1
/public/cm-super/sfsx1440.pfb>
Output written on upm-example.pdf (63 pages, 2582079 bytes).
PDF statistics:
 2572 PDF objects out of 2984 (max. 8388607)
 1793 compressed objects within 18 object streams
 146 named destinations out of 1000 (max. 500000)
 216 words of extra memory for PDF output out of 10000 (max. 10000000)

